[28-Oct-2023 07:18:56 UTC] PHP Fatal error:  Uncaught Error: Call to undefined function bp_is_user_bluechip_edit() in /home/u607448364/domains/swrice.com/public_html/wp-content/themes/buddyboss-theme/buddypress/members/single/profile.php:12
Stack trace:
#0 /home/u607448364/domains/swrice.com/public_html/wp-includes/template.php(785): require_once()
#1 /home/u607448364/domains/swrice.com/public_html/wp-content/plugins/buddyboss-platform/bp-templates/bp-nouveau/includes/members/functions.php(331): load_template()
#2 /home/u607448364/domains/swrice.com/public_html/wp-content/plugins/buddyboss-platform/bp-templates/bp-nouveau/includes/members/template-tags.php(938): bp_nouveau_member_get_template_part()
#3 /home/u607448364/domains/swrice.com/public_html/wp-content/themes/buddyboss-theme/buddypress/members/single/home.php(54): bp_nouveau_member_template_part()
#4 /home/u607448364/domains/swrice.com/public_html/wp-includes/template.php(787): require('/home/u60744836...')
#5 /home/u607448364/domains/swrice.com/public_html/wp-content/plugins/buddyboss-platform/bp-core/bp-core-template-loader.php(180): load_template()
#6 /home/u607448364/domains/swrice.com/public_html/wp-content/plugins/buddyboss-platform/bp-core/bp-core-template-loader.php(70): bp_locate_template()
#7 /home/u607448364/domains/swrice.com/public_html/wp-content/plugins/buddyboss-platform/bp-core/bp-core-template-loader.php(367): bp_get_template_part()
#8 /home/u607448364/domains/swrice.com/public_html/wp-content/plugins/buddyboss-platform/bp-members/classes/class-bp-members-theme-compat.php(220): bp_buffer_template_part()
#9 /home/u607448364/domains/swrice.com/public_html/wp-includes/class-wp-hook.php(310): BP_Members_Theme_Compat->single_dummy_content()
#10 /home/u607448364/domains/swrice.com/public_html/wp-includes/plugin.php(205): WP_Hook->apply_filters()
#11 /home/u607448364/domains/swrice.com/public_html/wp-content/plugins/buddyboss-platform/bp-core/bp-core-theme-compatibility.php(683): apply_filters()
#12 /home/u607448364/domains/swrice.com/public_html/wp-includes/class-wp-hook.php(310): bp_replace_the_content()
#13 /home/u607448364/domains/swrice.com/public_html/wp-includes/plugin.php(205): WP_Hook->apply_filters()
#14 /home/u607448364/domains/swrice.com/public_html/wp-includes/post-template.php(256): apply_filters()
#15 /home/u607448364/domains/swrice.com/public_html/wp-content/themes/buddyboss-theme/template-parts/content-buddypress.php(38): the_content()
#16 /home/u607448364/domains/swrice.com/public_html/wp-includes/template.php(787): require('/home/u60744836...')
#17 /home/u607448364/domains/swrice.com/public_html/wp-includes/template.php(720): load_template()
#18 /home/u607448364/domains/swrice.com/public_html/wp-includes/general-template.php(206): locate_template()
#19 /home/u607448364/domains/swrice.com/public_html/wp-content/themes/buddyboss-theme/buddypress.php(93): get_template_part()
#20 /home/u607448364/domains/swrice.com/public_html/wp-includes/template-loader.php(106): include('/home/u60744836...')
#21 /home/u607448364/domains/swrice.com/public_html/wp-blog-header.php(19): require_once('/home/u60744836...')
#22 /home/u607448364/domains/swrice.com/public_html/index.php(17): require('/home/u60744836...')
#23 {main}
  thrown in /home/u607448364/domains/swrice.com/public_html/wp-content/themes/buddyboss-theme/buddypress/members/single/profile.php on line 12
[28-Oct-2023 07:23:58 UTC] PHP Fatal error:  Uncaught Error: Call to undefined function bp_is_user_bluechip_edit() in /home/u607448364/domains/swrice.com/public_html/wp-content/themes/buddyboss-theme/buddypress/members/single/profile.php:12
Stack trace:
#0 /home/u607448364/domains/swrice.com/public_html/wp-includes/template.php(785): require_once()
#1 /home/u607448364/domains/swrice.com/public_html/wp-content/plugins/buddyboss-platform/bp-templates/bp-nouveau/includes/members/functions.php(331): load_template()
#2 /home/u607448364/domains/swrice.com/public_html/wp-content/plugins/buddyboss-platform/bp-templates/bp-nouveau/includes/members/template-tags.php(938): bp_nouveau_member_get_template_part()
#3 /home/u607448364/domains/swrice.com/public_html/wp-content/themes/buddyboss-theme/buddypress/members/single/home.php(54): bp_nouveau_member_template_part()
#4 /home/u607448364/domains/swrice.com/public_html/wp-includes/template.php(787): require('/home/u60744836...')
#5 /home/u607448364/domains/swrice.com/public_html/wp-content/plugins/buddyboss-platform/bp-core/bp-core-template-loader.php(180): load_template()
#6 /home/u607448364/domains/swrice.com/public_html/wp-content/plugins/buddyboss-platform/bp-core/bp-core-template-loader.php(70): bp_locate_template()
#7 /home/u607448364/domains/swrice.com/public_html/wp-content/plugins/buddyboss-platform/bp-core/bp-core-template-loader.php(367): bp_get_template_part()
#8 /home/u607448364/domains/swrice.com/public_html/wp-content/plugins/buddyboss-platform/bp-members/classes/class-bp-members-theme-compat.php(220): bp_buffer_template_part()
#9 /home/u607448364/domains/swrice.com/public_html/wp-includes/class-wp-hook.php(310): BP_Members_Theme_Compat->single_dummy_content()
#10 /home/u607448364/domains/swrice.com/public_html/wp-includes/plugin.php(205): WP_Hook->apply_filters()
#11 /home/u607448364/domains/swrice.com/public_html/wp-content/plugins/buddyboss-platform/bp-core/bp-core-theme-compatibility.php(683): apply_filters()
#12 /home/u607448364/domains/swrice.com/public_html/wp-includes/class-wp-hook.php(310): bp_replace_the_content()
#13 /home/u607448364/domains/swrice.com/public_html/wp-includes/plugin.php(205): WP_Hook->apply_filters()
#14 /home/u607448364/domains/swrice.com/public_html/wp-includes/post-template.php(256): apply_filters()
#15 /home/u607448364/domains/swrice.com/public_html/wp-content/themes/buddyboss-theme/template-parts/content-buddypress.php(38): the_content()
#16 /home/u607448364/domains/swrice.com/public_html/wp-includes/template.php(787): require('/home/u60744836...')
#17 /home/u607448364/domains/swrice.com/public_html/wp-includes/template.php(720): load_template()
#18 /home/u607448364/domains/swrice.com/public_html/wp-includes/general-template.php(206): locate_template()
#19 /home/u607448364/domains/swrice.com/public_html/wp-content/themes/buddyboss-theme/buddypress.php(93): get_template_part()
#20 /home/u607448364/domains/swrice.com/public_html/wp-includes/template-loader.php(106): include('/home/u60744836...')
#21 /home/u607448364/domains/swrice.com/public_html/wp-blog-header.php(19): require_once('/home/u60744836...')
#22 /home/u607448364/domains/swrice.com/public_html/index.php(17): require('/home/u60744836...')
#23 {main}
  thrown in /home/u607448364/domains/swrice.com/public_html/wp-content/themes/buddyboss-theme/buddypress/members/single/profile.php on line 12
