[2023-12-31 03:52:27] EMAIL SENT | ADDRESS: gra*li*ep*a1*88*gm*.c*m | SUBJECT: New Year Gift by Swrice | VIA: user | CONTENT: Hi, Isaias Galway
In the joy of the New Year, we are giving you a gift of 1000 rupees. Join our referral program now and earn 1000 rupees.
Thanks!
[2023-12-31 03:52:27] EMAIL SENT | ADDRESS: abd*lh*fe*zb*je*r6*@g*ai*.c*m | SUBJECT: New Year Gift by Swrice | VIA: user | CONTENT: Hi, Abdul Hafeez Bajeer
In the joy of the New Year, we are giving you a gift of 1000 rupees. Join our referral program now and earn 1000 rupees.
Thanks!
[2023-12-31 03:52:27] EMAIL SENT | ADDRESS: abd*lp*rv*z7*4@*ma*l.*om | SUBJECT: New Year Gift by Swrice | VIA: user | CONTENT: Hi, Abdul Basit
In the joy of the New Year, we are giving you a gift of 1000 rupees. Join our referral program now and earn 1000 rupees.
Thanks!
[2023-12-31 03:52:28] EMAIL SENT | ADDRESS: abd*lh*di*03*3@*ma*l.*om | SUBJECT: New Year Gift by Swrice | VIA: user | CONTENT: Hi, Abdul Hadi
In the joy of the New Year, we are giving you a gift of 1000 rupees. Join our referral program now and earn 1000 rupees.
Thanks!
[2023-12-31 03:52:28] EMAIL SENT | ADDRESS: lea*nw*th*77*gm*il*co* | SUBJECT: New Year Gift by Swrice | VIA: user | CONTENT: Hi, Abdullah Ahmed Usmani
In the joy of the New Year, we are giving you a gift of 1000 rupees. Join our referral program now and earn 1000 rupees.
Thanks!
[2023-12-31 03:52:28] EMAIL SENT | ADDRESS: ata*23*4@*ma*l.*om | SUBJECT: New Year Gift by Swrice | VIA: user | CONTENT: Hi, Abdullah Taj
In the joy of the New Year, we are giving you a gift of 1000 rupees. Join our referral program now and earn 1000 rupees.
Thanks!
[2023-12-31 03:52:28] EMAIL SENT | ADDRESS: reh*an*ur*sh*73*@g*ai*.c*m | SUBJECT: New Year Gift by Swrice | VIA: user | CONTENT: Hi, Abdur Rehman
In the joy of the New Year, we are giving you a gift of 1000 rupees. Join our referral program now and earn 1000 rupees.
Thanks!
[2023-12-31 03:52:28] EMAIL SENT | ADDRESS: afh*ms*ei*h2*@g*ai*.c*m | SUBJECT: New Year Gift by Swrice | VIA: user | CONTENT: Hi, Afham Sheikh
In the joy of the New Year, we are giving you a gift of 1000 rupees. Join our referral program now and earn 1000 rupees.
Thanks!
[2023-12-31 03:52:28] EMAIL SENT | ADDRESS: aha*hu*se*n9*6@*ma*l.*om | SUBJECT: New Year Gift by Swrice | VIA: user | CONTENT: Hi, Ahad Hussain
In the joy of the New Year, we are giving you a gift of 1000 rupees. Join our referral program now and earn 1000 rupees.
Thanks!
[2023-12-31 03:52:28] EMAIL SENT | ADDRESS: shk*hm*d9*5@*ma*l.*om | SUBJECT: New Year Gift by Swrice | VIA: user | CONTENT: Hi, Muhammad Ahmad
In the joy of the New Year, we are giving you a gift of 1000 rupees. Join our referral program now and earn 1000 rupees.
Thanks!
[2023-12-31 03:52:29] EMAIL SENT | ADDRESS: ahm*dh*se*b6*25*gm*il*co* | SUBJECT: New Year Gift by Swrice | VIA: user | CONTENT: Hi, Ahmad Haseeb
In the joy of the New Year, we are giving you a gift of 1000 rupees. Join our referral program now and earn 1000 rupees.
Thanks!
[2023-12-31 03:52:29] EMAIL SENT | ADDRESS: aja*ah*ed*00*4@*ma*l.*om | SUBJECT: New Year Gift by Swrice | VIA: user | CONTENT: Hi, Ajaz Ahmed
In the joy of the New Year, we are giving you a gift of 1000 rupees. Join our referral program now and earn 1000 rupees.
Thanks!
[2023-12-31 03:52:29] EMAIL SENT | ADDRESS: ali*aa*me*.2*@g*ai*.c*m | SUBJECT: New Year Gift by Swrice | VIA: user | CONTENT: Hi, Aliha Ahmed
In the joy of the New Year, we are giving you a gift of 1000 rupees. Join our referral program now and earn 1000 rupees.
Thanks!
[2023-12-31 03:52:29] EMAIL SENT | ADDRESS: asi*39*23*gm*il*co* | SUBJECT: New Year Gift by Swrice | VIA: user | CONTENT: Hi, Muhammad Ali Siddiqui
In the joy of the New Year, we are giving you a gift of 1000 rupees. Join our referral program now and earn 1000 rupees.
Thanks!
[2023-12-31 03:52:29] EMAIL SENT | ADDRESS: kha*al*ez*15*@g*ai*.c*m | SUBJECT: New Year Gift by Swrice | VIA: user | CONTENT: Hi, Aliza Khan
In the joy of the New Year, we are giving you a gift of 1000 rupees. Join our referral program now and earn 1000 rupees.
Thanks!
[2023-12-31 03:52:29] EMAIL SENT | ADDRESS: amj*dq*re*hi*a@*ot*ai*.c*m | SUBJECT: New Year Gift by Swrice | VIA: user | CONTENT: Hi, Muhammad Amjad
In the joy of the New Year, we are giving you a gift of 1000 rupees. Join our referral program now and earn 1000 rupees.
Thanks!
[2023-12-31 03:52:30] EMAIL SENT | ADDRESS: amn*gu*62*@g*ai*.c*m | SUBJECT: New Year Gift by Swrice | VIA: user | CONTENT: Hi, Amna Gul
In the joy of the New Year, we are giving you a gift of 1000 rupees. Join our referral program now and earn 1000 rupees.
Thanks!
[2023-12-31 03:52:30] EMAIL SENT | ADDRESS: ans*ar*hj*wa*d0*2@*ma*l.*om | SUBJECT: New Year Gift by Swrice | VIA: user | CONTENT: Hi, Ansharah Jawaid
In the joy of the New Year, we are giving you a gift of 1000 rupees. Join our referral program now and earn 1000 rupees.
Thanks!
[2023-12-31 03:52:30] EMAIL SENT | ADDRESS: aqs*k7*46*gm*il*co* | SUBJECT: New Year Gift by Swrice | VIA: user | CONTENT: Hi, Aqsa Khan
In the joy of the New Year, we are giving you a gift of 1000 rupees. Join our referral program now and earn 1000 rupees.
Thanks!
[2023-12-31 03:52:30] EMAIL SENT | ADDRESS: Arm*na*i2*4@*ma*l.*om | SUBJECT: New Year Gift by Swrice | VIA: user | CONTENT: Hi, Arman Ali
In the joy of the New Year, we are giving you a gift of 1000 rupees. Join our referral program now and earn 1000 rupees.
Thanks!
[2023-12-31 03:52:30] EMAIL SENT | ADDRESS: aye*ha*em*ni*@g*ai*.c*m | SUBJECT: New Year Gift by Swrice | VIA: user | CONTENT: Hi, Ayesha Arshad
In the joy of the New Year, we are giving you a gift of 1000 rupees. Join our referral program now and earn 1000 rupees.
Thanks!
[2023-12-31 03:52:30] EMAIL SENT | ADDRESS: ati*aa*du*78*@g*ai*.c*m | SUBJECT: New Year Gift by Swrice | VIA: user | CONTENT: Hi, Atiqa Fatima
In the joy of the New Year, we are giving you a gift of 1000 rupees. Join our referral program now and earn 1000 rupees.
Thanks!
[2023-12-31 03:52:30] EMAIL SENT | ADDRESS: ayk*an*22*gm*il*co* | SUBJECT: New Year Gift by Swrice | VIA: user | CONTENT: Hi, Ayesha Khan
In the joy of the New Year, we are giving you a gift of 1000 rupees. Join our referral program now and earn 1000 rupees.
Thanks!
[2023-12-31 03:52:31] EMAIL SENT | ADDRESS: ais*aa*ad*53*gm*il*co* | SUBJECT: New Year Gift by Swrice | VIA: user | CONTENT: Hi, Aisha Asad
In the joy of the New Year, we are giving you a gift of 1000 rupees. Join our referral program now and earn 1000 rupees.
Thanks!
[2023-12-31 03:52:31] EMAIL SENT | ADDRESS: pir*as*ta*h@*ma*l.*om | SUBJECT: New Year Gift by Swrice | VIA: user | CONTENT: Hi, Abdul Basit
In the joy of the New Year, we are giving you a gift of 1000 rupees. Join our referral program now and earn 1000 rupees.
Thanks!
[2023-12-31 03:52:31] EMAIL SENT | ADDRESS: haf*zb*rh*n6*3@*ma*l.*om | SUBJECT: New Year Gift by Swrice | VIA: user | CONTENT: Hi, Syed Burhan Ul Hassan
In the joy of the New Year, we are giving you a gift of 1000 rupees. Join our referral program now and earn 1000 rupees.
Thanks!
[2023-12-31 03:52:31] EMAIL SENT | ADDRESS: cas*as*wo*ld*gm*il*co* | SUBJECT: New Year Gift by Swrice | VIA: user | CONTENT: Hi, Caseash World 
In the joy of the New Year, we are giving you a gift of 1000 rupees. Join our referral program now and earn 1000 rupees.
Thanks!
[2023-12-31 03:52:31] EMAIL SENT | ADDRESS: fai*ba*wa*3@*ma*l.*om | SUBJECT: New Year Gift by Swrice | VIA: user | CONTENT: Hi, Faiq Ali Ansar
In the joy of the New Year, we are giving you a gift of 1000 rupees. Join our referral program now and earn 1000 rupees.
Thanks!
[2023-12-31 03:52:31] EMAIL SENT | ADDRESS: fai*an*aj*oo*26*@g*ai*.c*m | SUBJECT: New Year Gift by Swrice | VIA: user | CONTENT: Hi, Faizan Anwaar
In the joy of the New Year, we are giving you a gift of 1000 rupees. Join our referral program now and earn 1000 rupees.
Thanks!
[2023-12-31 03:52:31] EMAIL SENT | ADDRESS: fai*an*q9*@g*ai*.c*m | SUBJECT: New Year Gift by Swrice | VIA: user | CONTENT: Hi, Faizan hameed
In the joy of the New Year, we are giving you a gift of 1000 rupees. Join our referral program now and earn 1000 rupees.
Thanks!
[2023-12-31 03:52:32] EMAIL SENT | ADDRESS: faz*el*tg*a@*ma*l.*om | SUBJECT: New Year Gift by Swrice | VIA: user | CONTENT: Hi, Fazeelat Graphics
In the joy of the New Year, we are giving you a gift of 1000 rupees. Join our referral program now and earn 1000 rupees.
Thanks!
[2023-12-31 03:52:32] EMAIL SENT | ADDRESS: fiz*ar*oj*40*@g*ai*.c*m | SUBJECT: New Year Gift by Swrice | VIA: user | CONTENT: Hi, Fiza Arooj
In the joy of the New Year, we are giving you a gift of 1000 rupees. Join our referral program now and earn 1000 rupees.
Thanks!
[2023-12-31 03:52:32] EMAIL SENT | ADDRESS: kam*an*sw*ic*.c*m | SUBJECT: New Year Gift by Swrice | VIA: user | CONTENT: Hi, Muhammad Kamran
In the joy of the New Year, we are giving you a gift of 1000 rupees. Join our referral program now and earn 1000 rupees.
Thanks!
[2023-12-31 03:52:32] EMAIL SENT | ADDRESS: sye*mu*am*ad*ur*an*23*gm*il*co* | SUBJECT: New Year Gift by Swrice | VIA: user | CONTENT: Hi, Furqan Bukhari
In the joy of the New Year, we are giving you a gift of 1000 rupees. Join our referral program now and earn 1000 rupees.
Thanks!
[2023-12-31 03:52:32] EMAIL SENT | ADDRESS: sye*mu*am*ad*ur*an*cl*ck*@g*mi*.c*m | SUBJECT: New Year Gift by Swrice | VIA: user | CONTENT: Hi, Syed Muhammad Furqan
In the joy of the New Year, we are giving you a gift of 1000 rupees. Join our referral program now and earn 1000 rupees.
Thanks!
[2023-12-31 03:52:32] EMAIL SENT | ADDRESS: mir*ah*de*l1*gm*il*co* | SUBJECT: New Year Gift by Swrice | VIA: user | CONTENT: Hi, Hadeel Yousaf
In the joy of the New Year, we are giving you a gift of 1000 rupees. Join our referral program now and earn 1000 rupees.
Thanks!
[2023-12-31 03:52:32] EMAIL SENT | ADDRESS: raj*ha*ee*59*@g*ai*.c*m | SUBJECT: New Year Gift by Swrice | VIA: user | CONTENT: Hi, M hafeez Ghazi
In the joy of the New Year, we are giving you a gift of 1000 rupees. Join our referral program now and earn 1000 rupees.
Thanks!
[2023-12-31 03:52:33] EMAIL SENT | ADDRESS: the*rg*at*11*gm*il*co* | SUBJECT: New Year Gift by Swrice | VIA: user | CONTENT: Hi, Hafiz Hammad
In the joy of the New Year, we are giving you a gift of 1000 rupees. Join our referral program now and earn 1000 rupees.
Thanks!
[2023-12-31 03:52:33] EMAIL SENT | ADDRESS: muh*mm*dh*mm*di*ya*al*@g*ai*.c*m | SUBJECT: New Year Gift by Swrice | VIA: user | CONTENT: Hi, Hammad Ali
In the joy of the New Year, we are giving you a gift of 1000 rupees. Join our referral program now and earn 1000 rupees.
Thanks!
[2023-12-31 03:52:33] EMAIL SENT | ADDRESS: nna*55*71*gm*il*co* | SUBJECT: New Year Gift by Swrice | VIA: user | CONTENT: Hi, Hamza Munir
In the joy of the New Year, we are giving you a gift of 1000 rupees. Join our referral program now and earn 1000 rupees.
Thanks!
[2023-12-31 03:52:33] EMAIL SENT | ADDRESS: hja*19*0@*ma*l.*om | SUBJECT: New Year Gift by Swrice | VIA: user | CONTENT: Hi, Muhammad Hassan Jan
In the joy of the New Year, we are giving you a gift of 1000 rupees. Join our referral program now and earn 1000 rupees.
Thanks!
[2023-12-31 03:52:33] EMAIL SENT | ADDRESS: man*hu*sa*n8*gm*il*co* | SUBJECT: New Year Gift by Swrice | VIA: user | CONTENT: Hi, Hussain Ali
In the joy of the New Year, we are giving you a gift of 1000 rupees. Join our referral program now and earn 1000 rupees.
Thanks!
[2023-12-31 03:52:33] EMAIL SENT | ADDRESS: bib*iq*a2*15*gm*il*co* | SUBJECT: New Year Gift by Swrice | VIA: user | CONTENT: Hi, iqra bibi
In the joy of the New Year, we are giving you a gift of 1000 rupees. Join our referral program now and earn 1000 rupees.
Thanks!
[2023-12-31 03:52:33] EMAIL SENT | ADDRESS: bas*tn*az*2@*ma*l.*om | SUBJECT: New Year Gift by Swrice | VIA: user | CONTENT: Hi, Abdul Basit
In the joy of the New Year, we are giving you a gift of 1000 rupees. Join our referral program now and earn 1000 rupees.
Thanks!
[2023-12-31 03:52:33] EMAIL SENT | ADDRESS: jas*ia*ar*q4*11*3@*ma*l.*om | SUBJECT: New Year Gift by Swrice | VIA: user | CONTENT: Hi, Jashia Tariq
In the joy of the New Year, we are giving you a gift of 1000 rupees. Join our referral program now and earn 1000 rupees.
Thanks!
[2023-12-31 03:52:34] EMAIL SENT | ADDRESS: jaw*da*me*30*99*gm*il*co* | SUBJECT: New Year Gift by Swrice | VIA: user | CONTENT: Hi, Jawad Jafri
In the joy of the New Year, we are giving you a gift of 1000 rupees. Join our referral program now and earn 1000 rupees.
Thanks!
[2023-12-31 03:52:34] EMAIL SENT | ADDRESS: raz*ja*er*a3*@g*ai*.c*m | SUBJECT: New Year Gift by Swrice | VIA: user | CONTENT: Hi, Jaweria Raza
In the joy of the New Year, we are giving you a gift of 1000 rupees. Join our referral program now and earn 1000 rupees.
Thanks!
[2023-12-31 03:52:34] EMAIL SENT | ADDRESS: jfl*n1*92*gm*il*co* | SUBJECT: New Year Gift by Swrice | VIA: user | CONTENT: Hi, Jflen chezz
In the joy of the New Year, we are giving you a gift of 1000 rupees. Join our referral program now and earn 1000 rupees.
Thanks!
[2023-12-31 03:52:34] EMAIL SENT | ADDRESS: jaw*ri*k3*@g*ai*.c*m | SUBJECT: New Year Gift by Swrice | VIA: user | CONTENT: Hi, Jia Khan
In the joy of the New Year, we are giving you a gift of 1000 rupees. Join our referral program now and earn 1000 rupees.
Thanks!
[2023-12-31 03:52:34] EMAIL SENT | ADDRESS: jiy*sh*63*gm*il*co* | SUBJECT: New Year Gift by Swrice | VIA: user | CONTENT: Hi, Wajeeha Shk
In the joy of the New Year, we are giving you a gift of 1000 rupees. Join our referral program now and earn 1000 rupees.
Thanks!
[2023-12-31 03:52:34] EMAIL SENT | ADDRESS: imk*an*90*4@*ma*l.*om | SUBJECT: New Year Gift by Swrice | VIA: user | CONTENT: Hi, Junaid Khan
In the joy of the New Year, we are giving you a gift of 1000 rupees. Join our referral program now and earn 1000 rupees.
Thanks!
[2023-12-31 03:52:34] EMAIL SENT | ADDRESS: mid*le*if*60*@g*ai*.c*m | SUBJECT: New Year Gift by Swrice | VIA: user | CONTENT: Hi, kamran aslam
In the joy of the New Year, we are giving you a gift of 1000 rupees. Join our referral program now and earn 1000 rupees.
Thanks!
[2023-12-31 03:52:35] EMAIL SENT | ADDRESS: kas*af*ol*62*gm*il*co* | SUBJECT: New Year Gift by Swrice | VIA: user | CONTENT: Hi, Kashaf Nadeem
In the joy of the New Year, we are giving you a gift of 1000 rupees. Join our referral program now and earn 1000 rupees.
Thanks!
[2023-12-31 03:52:35] EMAIL SENT | ADDRESS: zai*ab*at*ma*29*@g*ai*.c*m | SUBJECT: New Year Gift by Swrice | VIA: user | CONTENT: Hi, Zainab Fatima
In the joy of the New Year, we are giving you a gift of 1000 rupees. Join our referral program now and earn 1000 rupees.
Thanks!
[2023-12-31 03:52:35] EMAIL SENT | ADDRESS: Nik*la*ap*32*gm*il*co* | SUBJECT: New Year Gift by Swrice | VIA: user | CONTENT: Hi, Khvicha 
In the joy of the New Year, we are giving you a gift of 1000 rupees. Join our referral program now and earn 1000 rupees.
Thanks!
[2023-12-31 03:52:35] EMAIL SENT | ADDRESS: lal*.l*ck*78*@g*ai*.c*m | SUBJECT: New Year Gift by Swrice | VIA: user | CONTENT: Hi, Laraib Latif
In the joy of the New Year, we are giving you a gift of 1000 rupees. Join our referral program now and earn 1000 rupees.
Thanks!
[2023-12-31 03:52:35] EMAIL SENT | ADDRESS: ali*ha*5#*gm*il*co* | SUBJECT: New Year Gift by Swrice | VIA: user | CONTENT: Hi, Ali Khan
In the joy of the New Year, we are giving you a gift of 1000 rupees. Join our referral program now and earn 1000 rupees.
Thanks!
[2023-12-31 03:52:35] EMAIL SENT | ADDRESS: mah*la*19*8@*ma*l.*om | SUBJECT: New Year Gift by Swrice | VIA: user | CONTENT: Hi, Mah Noor
In the joy of the New Year, we are giving you a gift of 1000 rupees. Join our referral program now and earn 1000 rupees.
Thanks!
[2023-12-31 03:52:35] EMAIL SENT | ADDRESS: noo*sa*af*ar*la*@g*ai*.c*m | SUBJECT: New Year Gift by Swrice | VIA: user | CONTENT: Hi, Mahnoor Ashraf
In the joy of the New Year, we are giving you a gift of 1000 rupees. Join our referral program now and earn 1000 rupees.
Thanks!
[2023-12-31 03:52:36] EMAIL SENT | ADDRESS: sha*iq*em*hm*o@*ma*l.*om | SUBJECT: New Year Gift by Swrice | VIA: user | CONTENT: Hi, Mehmoona Shafique
In the joy of the New Year, we are giving you a gift of 1000 rupees. Join our referral program now and earn 1000 rupees.
Thanks!
[2023-12-31 03:52:36] EMAIL SENT | ADDRESS: moa*za*19*me*13*6@*ma*l.*om | SUBJECT: New Year Gift by Swrice | VIA: user | CONTENT: Hi, Moazzam Ahmad Chishti
In the joy of the New Year, we are giving you a gift of 1000 rupees. Join our referral program now and earn 1000 rupees.
Thanks!
[2023-12-31 03:52:36] EMAIL SENT | ADDRESS: mu2*84*39*gm*il*co* | SUBJECT: New Year Gift by Swrice | VIA: user | CONTENT: Hi, Muhammad Usman
In the joy of the New Year, we are giving you a gift of 1000 rupees. Join our referral program now and earn 1000 rupees.
Thanks!
[2023-12-31 03:52:36] EMAIL SENT | ADDRESS: mud*ss*rr*za*92*gm*il*co* | SUBJECT: New Year Gift by Swrice | VIA: user | CONTENT: Hi, Mudasir Raza
In the joy of the New Year, we are giving you a gift of 1000 rupees. Join our referral program now and earn 1000 rupees.
Thanks!
[2023-12-31 03:52:36] EMAIL SENT | ADDRESS: mug*ee*kh*n6*8@*ma*l.*om | SUBJECT: New Year Gift by Swrice | VIA: user | CONTENT: Hi, Mughees Khan
In the joy of the New Year, we are giving you a gift of 1000 rupees. Join our referral program now and earn 1000 rupees.
Thanks!
[2023-12-31 03:55:18] EMAIL SENT | ADDRESS: gra*li*ep*a1*88*gm*.c*m | SUBJECT: New Year Gift by Swrice | VIA: user | CONTENT: Hi, Isaias Galway
In the joy of the New Year, we are giving you a gift of 1000 rupees. Join our referral program now and earn 1000 rupees.
Join Now
Thanks!
[2023-12-31 03:55:18] EMAIL SENT | ADDRESS: abd*lh*fe*zb*je*r6*@g*ai*.c*m | SUBJECT: New Year Gift by Swrice | VIA: user | CONTENT: Hi, Abdul Hafeez Bajeer
In the joy of the New Year, we are giving you a gift of 1000 rupees. Join our referral program now and earn 1000 rupees.
Join Now
Thanks!
[2023-12-31 03:55:18] EMAIL SENT | ADDRESS: abd*lp*rv*z7*4@*ma*l.*om | SUBJECT: New Year Gift by Swrice | VIA: user | CONTENT: Hi, Abdul Basit
In the joy of the New Year, we are giving you a gift of 1000 rupees. Join our referral program now and earn 1000 rupees.
Join Now
Thanks!
[2023-12-31 03:55:18] EMAIL SENT | ADDRESS: abd*lh*di*03*3@*ma*l.*om | SUBJECT: New Year Gift by Swrice | VIA: user | CONTENT: Hi, Abdul Hadi
In the joy of the New Year, we are giving you a gift of 1000 rupees. Join our referral program now and earn 1000 rupees.
Join Now
Thanks!
[2023-12-31 03:55:18] EMAIL SENT | ADDRESS: lea*nw*th*77*gm*il*co* | SUBJECT: New Year Gift by Swrice | VIA: user | CONTENT: Hi, Abdullah Ahmed Usmani
In the joy of the New Year, we are giving you a gift of 1000 rupees. Join our referral program now and earn 1000 rupees.
Join Now
Thanks!
[2023-12-31 03:55:19] EMAIL SENT | ADDRESS: ata*23*4@*ma*l.*om | SUBJECT: New Year Gift by Swrice | VIA: user | CONTENT: Hi, Abdullah Taj
In the joy of the New Year, we are giving you a gift of 1000 rupees. Join our referral program now and earn 1000 rupees.
Join Now
Thanks!
[2023-12-31 03:55:19] EMAIL SENT | ADDRESS: reh*an*ur*sh*73*@g*ai*.c*m | SUBJECT: New Year Gift by Swrice | VIA: user | CONTENT: Hi, Abdur Rehman
In the joy of the New Year, we are giving you a gift of 1000 rupees. Join our referral program now and earn 1000 rupees.
Join Now
Thanks!
[2023-12-31 03:55:19] EMAIL SENT | ADDRESS: afh*ms*ei*h2*@g*ai*.c*m | SUBJECT: New Year Gift by Swrice | VIA: user | CONTENT: Hi, Afham Sheikh
In the joy of the New Year, we are giving you a gift of 1000 rupees. Join our referral program now and earn 1000 rupees.
Join Now
Thanks!
[2023-12-31 03:55:19] EMAIL SENT | ADDRESS: aha*hu*se*n9*6@*ma*l.*om | SUBJECT: New Year Gift by Swrice | VIA: user | CONTENT: Hi, Ahad Hussain
In the joy of the New Year, we are giving you a gift of 1000 rupees. Join our referral program now and earn 1000 rupees.
Join Now
Thanks!
[2023-12-31 03:55:19] EMAIL SENT | ADDRESS: shk*hm*d9*5@*ma*l.*om | SUBJECT: New Year Gift by Swrice | VIA: user | CONTENT: Hi, Muhammad Ahmad
In the joy of the New Year, we are giving you a gift of 1000 rupees. Join our referral program now and earn 1000 rupees.
Join Now
Thanks!
[2023-12-31 03:55:19] EMAIL SENT | ADDRESS: ahm*dh*se*b6*25*gm*il*co* | SUBJECT: New Year Gift by Swrice | VIA: user | CONTENT: Hi, Ahmad Haseeb
In the joy of the New Year, we are giving you a gift of 1000 rupees. Join our referral program now and earn 1000 rupees.
Join Now
Thanks!
[2023-12-31 03:55:20] EMAIL SENT | ADDRESS: aja*ah*ed*00*4@*ma*l.*om | SUBJECT: New Year Gift by Swrice | VIA: user | CONTENT: Hi, Ajaz Ahmed
In the joy of the New Year, we are giving you a gift of 1000 rupees. Join our referral program now and earn 1000 rupees.
Join Now
Thanks!
[2023-12-31 03:55:20] EMAIL SENT | ADDRESS: ali*aa*me*.2*@g*ai*.c*m | SUBJECT: New Year Gift by Swrice | VIA: user | CONTENT: Hi, Aliha Ahmed
In the joy of the New Year, we are giving you a gift of 1000 rupees. Join our referral program now and earn 1000 rupees.
Join Now
Thanks!
[2023-12-31 03:55:20] EMAIL SENT | ADDRESS: asi*39*23*gm*il*co* | SUBJECT: New Year Gift by Swrice | VIA: user | CONTENT: Hi, Muhammad Ali Siddiqui
In the joy of the New Year, we are giving you a gift of 1000 rupees. Join our referral program now and earn 1000 rupees.
Join Now
Thanks!
[2023-12-31 03:55:20] EMAIL SENT | ADDRESS: kha*al*ez*15*@g*ai*.c*m | SUBJECT: New Year Gift by Swrice | VIA: user | CONTENT: Hi, Aliza Khan
In the joy of the New Year, we are giving you a gift of 1000 rupees. Join our referral program now and earn 1000 rupees.
Join Now
Thanks!
[2023-12-31 03:55:20] EMAIL SENT | ADDRESS: amj*dq*re*hi*a@*ot*ai*.c*m | SUBJECT: New Year Gift by Swrice | VIA: user | CONTENT: Hi, Muhammad Amjad
In the joy of the New Year, we are giving you a gift of 1000 rupees. Join our referral program now and earn 1000 rupees.
Join Now
Thanks!
[2023-12-31 03:55:20] EMAIL SENT | ADDRESS: amn*gu*62*@g*ai*.c*m | SUBJECT: New Year Gift by Swrice | VIA: user | CONTENT: Hi, Amna Gul
In the joy of the New Year, we are giving you a gift of 1000 rupees. Join our referral program now and earn 1000 rupees.
Join Now
Thanks!
[2023-12-31 03:55:20] EMAIL SENT | ADDRESS: ans*ar*hj*wa*d0*2@*ma*l.*om | SUBJECT: New Year Gift by Swrice | VIA: user | CONTENT: Hi, Ansharah Jawaid
In the joy of the New Year, we are giving you a gift of 1000 rupees. Join our referral program now and earn 1000 rupees.
Join Now
Thanks!
[2023-12-31 03:55:21] EMAIL SENT | ADDRESS: aqs*k7*46*gm*il*co* | SUBJECT: New Year Gift by Swrice | VIA: user | CONTENT: Hi, Aqsa Khan
In the joy of the New Year, we are giving you a gift of 1000 rupees. Join our referral program now and earn 1000 rupees.
Join Now
Thanks!
[2023-12-31 03:55:21] EMAIL SENT | ADDRESS: Arm*na*i2*4@*ma*l.*om | SUBJECT: New Year Gift by Swrice | VIA: user | CONTENT: Hi, Arman Ali
In the joy of the New Year, we are giving you a gift of 1000 rupees. Join our referral program now and earn 1000 rupees.
Join Now
Thanks!
[2023-12-31 03:55:21] EMAIL SENT | ADDRESS: aye*ha*em*ni*@g*ai*.c*m | SUBJECT: New Year Gift by Swrice | VIA: user | CONTENT: Hi, Ayesha Arshad
In the joy of the New Year, we are giving you a gift of 1000 rupees. Join our referral program now and earn 1000 rupees.
Join Now
Thanks!
[2023-12-31 03:55:21] EMAIL SENT | ADDRESS: ati*aa*du*78*@g*ai*.c*m | SUBJECT: New Year Gift by Swrice | VIA: user | CONTENT: Hi, Atiqa Fatima
In the joy of the New Year, we are giving you a gift of 1000 rupees. Join our referral program now and earn 1000 rupees.
Join Now
Thanks!
[2023-12-31 03:55:21] EMAIL SENT | ADDRESS: ayk*an*22*gm*il*co* | SUBJECT: New Year Gift by Swrice | VIA: user | CONTENT: Hi, Ayesha Khan
In the joy of the New Year, we are giving you a gift of 1000 rupees. Join our referral program now and earn 1000 rupees.
Join Now
Thanks!
[2023-12-31 03:55:21] EMAIL SENT | ADDRESS: ais*aa*ad*53*gm*il*co* | SUBJECT: New Year Gift by Swrice | VIA: user | CONTENT: Hi, Aisha Asad
In the joy of the New Year, we are giving you a gift of 1000 rupees. Join our referral program now and earn 1000 rupees.
Join Now
Thanks!
[2023-12-31 03:55:21] EMAIL SENT | ADDRESS: pir*as*ta*h@*ma*l.*om | SUBJECT: New Year Gift by Swrice | VIA: user | CONTENT: Hi, Abdul Basit
In the joy of the New Year, we are giving you a gift of 1000 rupees. Join our referral program now and earn 1000 rupees.
Join Now
Thanks!
[2023-12-31 03:55:22] EMAIL SENT | ADDRESS: haf*zb*rh*n6*3@*ma*l.*om | SUBJECT: New Year Gift by Swrice | VIA: user | CONTENT: Hi, Syed Burhan Ul Hassan
In the joy of the New Year, we are giving you a gift of 1000 rupees. Join our referral program now and earn 1000 rupees.
Join Now
Thanks!
[2023-12-31 03:55:22] EMAIL SENT | ADDRESS: cas*as*wo*ld*gm*il*co* | SUBJECT: New Year Gift by Swrice | VIA: user | CONTENT: Hi, Caseash World 
In the joy of the New Year, we are giving you a gift of 1000 rupees. Join our referral program now and earn 1000 rupees.
Join Now
Thanks!
[2023-12-31 03:55:22] EMAIL SENT | ADDRESS: fai*ba*wa*3@*ma*l.*om | SUBJECT: New Year Gift by Swrice | VIA: user | CONTENT: Hi, Faiq Ali Ansar
In the joy of the New Year, we are giving you a gift of 1000 rupees. Join our referral program now and earn 1000 rupees.
Join Now
Thanks!
[2023-12-31 03:55:22] EMAIL SENT | ADDRESS: fai*an*aj*oo*26*@g*ai*.c*m | SUBJECT: New Year Gift by Swrice | VIA: user | CONTENT: Hi, Faizan Anwaar
In the joy of the New Year, we are giving you a gift of 1000 rupees. Join our referral program now and earn 1000 rupees.
Join Now
Thanks!
[2023-12-31 03:55:22] EMAIL SENT | ADDRESS: fai*an*q9*@g*ai*.c*m | SUBJECT: New Year Gift by Swrice | VIA: user | CONTENT: Hi, Faizan hameed
In the joy of the New Year, we are giving you a gift of 1000 rupees. Join our referral program now and earn 1000 rupees.
Join Now
Thanks!
[2023-12-31 03:55:22] EMAIL SENT | ADDRESS: faz*el*tg*a@*ma*l.*om | SUBJECT: New Year Gift by Swrice | VIA: user | CONTENT: Hi, Fazeelat Graphics
In the joy of the New Year, we are giving you a gift of 1000 rupees. Join our referral program now and earn 1000 rupees.
Join Now
Thanks!
[2023-12-31 03:55:23] EMAIL SENT | ADDRESS: fiz*ar*oj*40*@g*ai*.c*m | SUBJECT: New Year Gift by Swrice | VIA: user | CONTENT: Hi, Fiza Arooj
In the joy of the New Year, we are giving you a gift of 1000 rupees. Join our referral program now and earn 1000 rupees.
Join Now
Thanks!
[2023-12-31 03:55:23] EMAIL SENT | ADDRESS: kam*an*sw*ic*.c*m | SUBJECT: New Year Gift by Swrice | VIA: user | CONTENT: Hi, Muhammad Kamran
In the joy of the New Year, we are giving you a gift of 1000 rupees. Join our referral program now and earn 1000 rupees.
Join Now
Thanks!
[2023-12-31 03:55:23] EMAIL SENT | ADDRESS: sye*mu*am*ad*ur*an*23*gm*il*co* | SUBJECT: New Year Gift by Swrice | VIA: user | CONTENT: Hi, Furqan Bukhari
In the joy of the New Year, we are giving you a gift of 1000 rupees. Join our referral program now and earn 1000 rupees.
Join Now
Thanks!
[2023-12-31 03:55:23] EMAIL SENT | ADDRESS: sye*mu*am*ad*ur*an*cl*ck*@g*mi*.c*m | SUBJECT: New Year Gift by Swrice | VIA: user | CONTENT: Hi, Syed Muhammad Furqan
In the joy of the New Year, we are giving you a gift of 1000 rupees. Join our referral program now and earn 1000 rupees.
Join Now
Thanks!
[2023-12-31 03:55:23] EMAIL SENT | ADDRESS: mir*ah*de*l1*gm*il*co* | SUBJECT: New Year Gift by Swrice | VIA: user | CONTENT: Hi, Hadeel Yousaf
In the joy of the New Year, we are giving you a gift of 1000 rupees. Join our referral program now and earn 1000 rupees.
Join Now
Thanks!
[2023-12-31 03:55:23] EMAIL SENT | ADDRESS: raj*ha*ee*59*@g*ai*.c*m | SUBJECT: New Year Gift by Swrice | VIA: user | CONTENT: Hi, M hafeez Ghazi
In the joy of the New Year, we are giving you a gift of 1000 rupees. Join our referral program now and earn 1000 rupees.
Join Now
Thanks!
[2023-12-31 03:55:23] EMAIL SENT | ADDRESS: the*rg*at*11*gm*il*co* | SUBJECT: New Year Gift by Swrice | VIA: user | CONTENT: Hi, Hafiz Hammad
In the joy of the New Year, we are giving you a gift of 1000 rupees. Join our referral program now and earn 1000 rupees.
Join Now
Thanks!
[2023-12-31 03:55:24] EMAIL SENT | ADDRESS: muh*mm*dh*mm*di*ya*al*@g*ai*.c*m | SUBJECT: New Year Gift by Swrice | VIA: user | CONTENT: Hi, Hammad Ali
In the joy of the New Year, we are giving you a gift of 1000 rupees. Join our referral program now and earn 1000 rupees.
Join Now
Thanks!
[2023-12-31 03:55:24] EMAIL SENT | ADDRESS: nna*55*71*gm*il*co* | SUBJECT: New Year Gift by Swrice | VIA: user | CONTENT: Hi, Hamza Munir
In the joy of the New Year, we are giving you a gift of 1000 rupees. Join our referral program now and earn 1000 rupees.
Join Now
Thanks!
[2023-12-31 03:55:24] EMAIL SENT | ADDRESS: hja*19*0@*ma*l.*om | SUBJECT: New Year Gift by Swrice | VIA: user | CONTENT: Hi, Muhammad Hassan Jan
In the joy of the New Year, we are giving you a gift of 1000 rupees. Join our referral program now and earn 1000 rupees.
Join Now
Thanks!
[2023-12-31 03:55:24] EMAIL SENT | ADDRESS: man*hu*sa*n8*gm*il*co* | SUBJECT: New Year Gift by Swrice | VIA: user | CONTENT: Hi, Hussain Ali
In the joy of the New Year, we are giving you a gift of 1000 rupees. Join our referral program now and earn 1000 rupees.
Join Now
Thanks!
[2023-12-31 03:55:24] EMAIL SENT | ADDRESS: bib*iq*a2*15*gm*il*co* | SUBJECT: New Year Gift by Swrice | VIA: user | CONTENT: Hi, iqra bibi
In the joy of the New Year, we are giving you a gift of 1000 rupees. Join our referral program now and earn 1000 rupees.
Join Now
Thanks!
[2023-12-31 03:55:24] EMAIL SENT | ADDRESS: bas*tn*az*2@*ma*l.*om | SUBJECT: New Year Gift by Swrice | VIA: user | CONTENT: Hi, Abdul Basit
In the joy of the New Year, we are giving you a gift of 1000 rupees. Join our referral program now and earn 1000 rupees.
Join Now
Thanks!
[2023-12-31 03:55:24] EMAIL SENT | ADDRESS: jas*ia*ar*q4*11*3@*ma*l.*om | SUBJECT: New Year Gift by Swrice | VIA: user | CONTENT: Hi, Jashia Tariq
In the joy of the New Year, we are giving you a gift of 1000 rupees. Join our referral program now and earn 1000 rupees.
Join Now
Thanks!
[2023-12-31 03:55:24] EMAIL SENT | ADDRESS: jaw*da*me*30*99*gm*il*co* | SUBJECT: New Year Gift by Swrice | VIA: user | CONTENT: Hi, Jawad Jafri
In the joy of the New Year, we are giving you a gift of 1000 rupees. Join our referral program now and earn 1000 rupees.
Join Now
Thanks!
[2023-12-31 03:55:25] EMAIL SENT | ADDRESS: raz*ja*er*a3*@g*ai*.c*m | SUBJECT: New Year Gift by Swrice | VIA: user | CONTENT: Hi, Jaweria Raza
In the joy of the New Year, we are giving you a gift of 1000 rupees. Join our referral program now and earn 1000 rupees.
Join Now
Thanks!
[2023-12-31 03:55:25] EMAIL SENT | ADDRESS: jfl*n1*92*gm*il*co* | SUBJECT: New Year Gift by Swrice | VIA: user | CONTENT: Hi, Jflen chezz
In the joy of the New Year, we are giving you a gift of 1000 rupees. Join our referral program now and earn 1000 rupees.
Join Now
Thanks!
[2023-12-31 03:55:25] EMAIL SENT | ADDRESS: jaw*ri*k3*@g*ai*.c*m | SUBJECT: New Year Gift by Swrice | VIA: user | CONTENT: Hi, Jia Khan
In the joy of the New Year, we are giving you a gift of 1000 rupees. Join our referral program now and earn 1000 rupees.
Join Now
Thanks!
[2023-12-31 03:55:25] EMAIL SENT | ADDRESS: jiy*sh*63*gm*il*co* | SUBJECT: New Year Gift by Swrice | VIA: user | CONTENT: Hi, Wajeeha Shk
In the joy of the New Year, we are giving you a gift of 1000 rupees. Join our referral program now and earn 1000 rupees.
Join Now
Thanks!
[2023-12-31 03:55:25] EMAIL SENT | ADDRESS: imk*an*90*4@*ma*l.*om | SUBJECT: New Year Gift by Swrice | VIA: user | CONTENT: Hi, Junaid Khan
In the joy of the New Year, we are giving you a gift of 1000 rupees. Join our referral program now and earn 1000 rupees.
Join Now
Thanks!
[2023-12-31 03:55:25] EMAIL SENT | ADDRESS: mid*le*if*60*@g*ai*.c*m | SUBJECT: New Year Gift by Swrice | VIA: user | CONTENT: Hi, kamran aslam
In the joy of the New Year, we are giving you a gift of 1000 rupees. Join our referral program now and earn 1000 rupees.
Join Now
Thanks!
[2023-12-31 03:55:25] EMAIL SENT | ADDRESS: kas*af*ol*62*gm*il*co* | SUBJECT: New Year Gift by Swrice | VIA: user | CONTENT: Hi, Kashaf Nadeem
In the joy of the New Year, we are giving you a gift of 1000 rupees. Join our referral program now and earn 1000 rupees.
Join Now
Thanks!
[2023-12-31 03:55:26] EMAIL SENT | ADDRESS: zai*ab*at*ma*29*@g*ai*.c*m | SUBJECT: New Year Gift by Swrice | VIA: user | CONTENT: Hi, Zainab Fatima
In the joy of the New Year, we are giving you a gift of 1000 rupees. Join our referral program now and earn 1000 rupees.
Join Now
Thanks!
[2023-12-31 03:55:26] EMAIL SENT | ADDRESS: Nik*la*ap*32*gm*il*co* | SUBJECT: New Year Gift by Swrice | VIA: user | CONTENT: Hi, Khvicha 
In the joy of the New Year, we are giving you a gift of 1000 rupees. Join our referral program now and earn 1000 rupees.
Join Now
Thanks!
[2023-12-31 03:55:26] EMAIL SENT | ADDRESS: lal*.l*ck*78*@g*ai*.c*m | SUBJECT: New Year Gift by Swrice | VIA: user | CONTENT: Hi, Laraib Latif
In the joy of the New Year, we are giving you a gift of 1000 rupees. Join our referral program now and earn 1000 rupees.
Join Now
Thanks!
[2023-12-31 03:55:26] EMAIL SENT | ADDRESS: ali*ha*5#*gm*il*co* | SUBJECT: New Year Gift by Swrice | VIA: user | CONTENT: Hi, Ali Khan
In the joy of the New Year, we are giving you a gift of 1000 rupees. Join our referral program now and earn 1000 rupees.
Join Now
Thanks!
[2023-12-31 03:55:26] EMAIL SENT | ADDRESS: mah*la*19*8@*ma*l.*om | SUBJECT: New Year Gift by Swrice | VIA: user | CONTENT: Hi, Mah Noor
In the joy of the New Year, we are giving you a gift of 1000 rupees. Join our referral program now and earn 1000 rupees.
Join Now
Thanks!
[2023-12-31 03:55:26] EMAIL SENT | ADDRESS: noo*sa*af*ar*la*@g*ai*.c*m | SUBJECT: New Year Gift by Swrice | VIA: user | CONTENT: Hi, Mahnoor Ashraf
In the joy of the New Year, we are giving you a gift of 1000 rupees. Join our referral program now and earn 1000 rupees.
Join Now
Thanks!
