[2023-12-06 08:26:28] EMAIL SENT | ADDRESS: gra*li*ep*a1*88*gm*.c*m | SUBJECT: Earning from Swrice | VIA: user | CONTENT: Will you submit the referral form now to start earning? You just need to pay a charge of 100 rupees. As soon as you submit, you will receive a golden link that you can share with your friends and family. If they join through your link, you will earn 50 rupees for each person. If you invite 20 people, you can earn 1000 rupees, and then you can send a withdrawal request after reaching the 1000-rupee mark.
Url: https://swrice.com/referral-program/
[2023-12-06 08:26:28] EMAIL SENT | ADDRESS: abd*lp*rv*z7*4@*ma*l.*om | SUBJECT: Earning from Swrice | VIA: user | CONTENT: Will you submit the referral form now to start earning? You just need to pay a charge of 100 rupees. As soon as you submit, you will receive a golden link that you can share with your friends and family. If they join through your link, you will earn 50 rupees for each person. If you invite 20 people, you can earn 1000 rupees, and then you can send a withdrawal request after reaching the 1000-rupee mark.
Url: https://swrice.com/referral-program/
[2023-12-06 08:26:28] EMAIL SENT | ADDRESS: abd*lh*di*03*3@*ma*l.*om | SUBJECT: Earning from Swrice | VIA: user | CONTENT: Will you submit the referral form now to start earning? You just need to pay a charge of 100 rupees. As soon as you submit, you will receive a golden link that you can share with your friends and family. If they join through your link, you will earn 50 rupees for each person. If you invite 20 people, you can earn 1000 rupees, and then you can send a withdrawal request after reaching the 1000-rupee mark.
Url: https://swrice.com/referral-program/
[2023-12-06 08:26:28] EMAIL SENT | ADDRESS: lea*nw*th*77*gm*il*co* | SUBJECT: Earning from Swrice | VIA: user | CONTENT: Will you submit the referral form now to start earning? You just need to pay a charge of 100 rupees. As soon as you submit, you will receive a golden link that you can share with your friends and family. If they join through your link, you will earn 50 rupees for each person. If you invite 20 people, you can earn 1000 rupees, and then you can send a withdrawal request after reaching the 1000-rupee mark.
Url: https://swrice.com/referral-program/
[2023-12-06 08:26:28] EMAIL SENT | ADDRESS: reh*an*ur*sh*73*@g*ai*.c*m | SUBJECT: Earning from Swrice | VIA: user | CONTENT: Will you submit the referral form now to start earning? You just need to pay a charge of 100 rupees. As soon as you submit, you will receive a golden link that you can share with your friends and family. If they join through your link, you will earn 50 rupees for each person. If you invite 20 people, you can earn 1000 rupees, and then you can send a withdrawal request after reaching the 1000-rupee mark.
Url: https://swrice.com/referral-program/
[2023-12-06 08:26:28] EMAIL SENT | ADDRESS: afh*ms*ei*h2*@g*ai*.c*m | SUBJECT: Earning from Swrice | VIA: user | CONTENT: Will you submit the referral form now to start earning? You just need to pay a charge of 100 rupees. As soon as you submit, you will receive a golden link that you can share with your friends and family. If they join through your link, you will earn 50 rupees for each person. If you invite 20 people, you can earn 1000 rupees, and then you can send a withdrawal request after reaching the 1000-rupee mark.
Url: https://swrice.com/referral-program/
[2023-12-06 08:26:28] EMAIL SENT | ADDRESS: aha*hu*se*n9*6@*ma*l.*om | SUBJECT: Earning from Swrice | VIA: user | CONTENT: Will you submit the referral form now to start earning? You just need to pay a charge of 100 rupees. As soon as you submit, you will receive a golden link that you can share with your friends and family. If they join through your link, you will earn 50 rupees for each person. If you invite 20 people, you can earn 1000 rupees, and then you can send a withdrawal request after reaching the 1000-rupee mark.
Url: https://swrice.com/referral-program/
[2023-12-06 08:26:29] EMAIL SENT | ADDRESS: shk*hm*d9*5@*ma*l.*om | SUBJECT: Earning from Swrice | VIA: user | CONTENT: Will you submit the referral form now to start earning? You just need to pay a charge of 100 rupees. As soon as you submit, you will receive a golden link that you can share with your friends and family. If they join through your link, you will earn 50 rupees for each person. If you invite 20 people, you can earn 1000 rupees, and then you can send a withdrawal request after reaching the 1000-rupee mark.
Url: https://swrice.com/referral-program/
[2023-12-06 08:26:29] EMAIL SENT | ADDRESS: ahm*dh*se*b6*25*gm*il*co* | SUBJECT: Earning from Swrice | VIA: user | CONTENT: Will you submit the referral form now to start earning? You just need to pay a charge of 100 rupees. As soon as you submit, you will receive a golden link that you can share with your friends and family. If they join through your link, you will earn 50 rupees for each person. If you invite 20 people, you can earn 1000 rupees, and then you can send a withdrawal request after reaching the 1000-rupee mark.
Url: https://swrice.com/referral-program/
[2023-12-06 08:26:29] EMAIL SENT | ADDRESS: aja*ah*ed*00*4@*ma*l.*om | SUBJECT: Earning from Swrice | VIA: user | CONTENT: Will you submit the referral form now to start earning? You just need to pay a charge of 100 rupees. As soon as you submit, you will receive a golden link that you can share with your friends and family. If they join through your link, you will earn 50 rupees for each person. If you invite 20 people, you can earn 1000 rupees, and then you can send a withdrawal request after reaching the 1000-rupee mark.
Url: https://swrice.com/referral-program/
[2023-12-06 08:26:29] EMAIL SENT | ADDRESS: ali*aa*me*.2*@g*ai*.c*m | SUBJECT: Earning from Swrice | VIA: user | CONTENT: Will you submit the referral form now to start earning? You just need to pay a charge of 100 rupees. As soon as you submit, you will receive a golden link that you can share with your friends and family. If they join through your link, you will earn 50 rupees for each person. If you invite 20 people, you can earn 1000 rupees, and then you can send a withdrawal request after reaching the 1000-rupee mark.
Url: https://swrice.com/referral-program/
[2023-12-06 08:26:29] EMAIL SENT | ADDRESS: kha*al*ez*15*@g*ai*.c*m | SUBJECT: Earning from Swrice | VIA: user | CONTENT: Will you submit the referral form now to start earning? You just need to pay a charge of 100 rupees. As soon as you submit, you will receive a golden link that you can share with your friends and family. If they join through your link, you will earn 50 rupees for each person. If you invite 20 people, you can earn 1000 rupees, and then you can send a withdrawal request after reaching the 1000-rupee mark.
Url: https://swrice.com/referral-program/
[2023-12-06 08:26:29] EMAIL SENT | ADDRESS: amj*dq*re*hi*a@*ot*ai*.c*m | SUBJECT: Earning from Swrice | VIA: user | CONTENT: Will you submit the referral form now to start earning? You just need to pay a charge of 100 rupees. As soon as you submit, you will receive a golden link that you can share with your friends and family. If they join through your link, you will earn 50 rupees for each person. If you invite 20 people, you can earn 1000 rupees, and then you can send a withdrawal request after reaching the 1000-rupee mark.
Url: https://swrice.com/referral-program/
[2023-12-06 08:26:29] EMAIL SENT | ADDRESS: amn*gu*62*@g*ai*.c*m | SUBJECT: Earning from Swrice | VIA: user | CONTENT: Will you submit the referral form now to start earning? You just need to pay a charge of 100 rupees. As soon as you submit, you will receive a golden link that you can share with your friends and family. If they join through your link, you will earn 50 rupees for each person. If you invite 20 people, you can earn 1000 rupees, and then you can send a withdrawal request after reaching the 1000-rupee mark.
Url: https://swrice.com/referral-program/
[2023-12-06 08:26:30] EMAIL SENT | ADDRESS: Arm*na*i2*4@*ma*l.*om | SUBJECT: Earning from Swrice | VIA: user | CONTENT: Will you submit the referral form now to start earning? You just need to pay a charge of 100 rupees. As soon as you submit, you will receive a golden link that you can share with your friends and family. If they join through your link, you will earn 50 rupees for each person. If you invite 20 people, you can earn 1000 rupees, and then you can send a withdrawal request after reaching the 1000-rupee mark.
Url: https://swrice.com/referral-program/
[2023-12-06 08:26:30] EMAIL SENT | ADDRESS: aye*ha*em*ni*@g*ai*.c*m | SUBJECT: Earning from Swrice | VIA: user | CONTENT: Will you submit the referral form now to start earning? You just need to pay a charge of 100 rupees. As soon as you submit, you will receive a golden link that you can share with your friends and family. If they join through your link, you will earn 50 rupees for each person. If you invite 20 people, you can earn 1000 rupees, and then you can send a withdrawal request after reaching the 1000-rupee mark.
Url: https://swrice.com/referral-program/
[2023-12-06 08:26:30] EMAIL SENT | ADDRESS: ayk*an*22*gm*il*co* | SUBJECT: Earning from Swrice | VIA: user | CONTENT: Will you submit the referral form now to start earning? You just need to pay a charge of 100 rupees. As soon as you submit, you will receive a golden link that you can share with your friends and family. If they join through your link, you will earn 50 rupees for each person. If you invite 20 people, you can earn 1000 rupees, and then you can send a withdrawal request after reaching the 1000-rupee mark.
Url: https://swrice.com/referral-program/
[2023-12-06 08:26:30] EMAIL SENT | ADDRESS: pir*as*ta*h@*ma*l.*om | SUBJECT: Earning from Swrice | VIA: user | CONTENT: Will you submit the referral form now to start earning? You just need to pay a charge of 100 rupees. As soon as you submit, you will receive a golden link that you can share with your friends and family. If they join through your link, you will earn 50 rupees for each person. If you invite 20 people, you can earn 1000 rupees, and then you can send a withdrawal request after reaching the 1000-rupee mark.
Url: https://swrice.com/referral-program/
[2023-12-06 08:26:30] EMAIL SENT | ADDRESS: haf*zb*rh*n6*3@*ma*l.*om | SUBJECT: Earning from Swrice | VIA: user | CONTENT: Will you submit the referral form now to start earning? You just need to pay a charge of 100 rupees. As soon as you submit, you will receive a golden link that you can share with your friends and family. If they join through your link, you will earn 50 rupees for each person. If you invite 20 people, you can earn 1000 rupees, and then you can send a withdrawal request after reaching the 1000-rupee mark.
Url: https://swrice.com/referral-program/
[2023-12-06 08:26:30] EMAIL SENT | ADDRESS: cas*as*wo*ld*gm*il*co* | SUBJECT: Earning from Swrice | VIA: user | CONTENT: Will you submit the referral form now to start earning? You just need to pay a charge of 100 rupees. As soon as you submit, you will receive a golden link that you can share with your friends and family. If they join through your link, you will earn 50 rupees for each person. If you invite 20 people, you can earn 1000 rupees, and then you can send a withdrawal request after reaching the 1000-rupee mark.
Url: https://swrice.com/referral-program/
[2023-12-06 08:26:30] EMAIL SENT | ADDRESS: faz*el*tg*a@*ma*l.*om | SUBJECT: Earning from Swrice | VIA: user | CONTENT: Will you submit the referral form now to start earning? You just need to pay a charge of 100 rupees. As soon as you submit, you will receive a golden link that you can share with your friends and family. If they join through your link, you will earn 50 rupees for each person. If you invite 20 people, you can earn 1000 rupees, and then you can send a withdrawal request after reaching the 1000-rupee mark.
Url: https://swrice.com/referral-program/
[2023-12-06 08:26:30] EMAIL SENT | ADDRESS: fiz*ar*oj*40*@g*ai*.c*m | SUBJECT: Earning from Swrice | VIA: user | CONTENT: Will you submit the referral form now to start earning? You just need to pay a charge of 100 rupees. As soon as you submit, you will receive a golden link that you can share with your friends and family. If they join through your link, you will earn 50 rupees for each person. If you invite 20 people, you can earn 1000 rupees, and then you can send a withdrawal request after reaching the 1000-rupee mark.
Url: https://swrice.com/referral-program/
[2023-12-06 08:26:31] EMAIL SENT | ADDRESS: kam*an*sw*ic*.c*m | SUBJECT: Earning from Swrice | VIA: user | CONTENT: Will you submit the referral form now to start earning? You just need to pay a charge of 100 rupees. As soon as you submit, you will receive a golden link that you can share with your friends and family. If they join through your link, you will earn 50 rupees for each person. If you invite 20 people, you can earn 1000 rupees, and then you can send a withdrawal request after reaching the 1000-rupee mark.
Url: https://swrice.com/referral-program/
[2023-12-06 08:26:31] EMAIL SENT | ADDRESS: sye*mu*am*ad*ur*an*23*gm*il*co* | SUBJECT: Earning from Swrice | VIA: user | CONTENT: Will you submit the referral form now to start earning? You just need to pay a charge of 100 rupees. As soon as you submit, you will receive a golden link that you can share with your friends and family. If they join through your link, you will earn 50 rupees for each person. If you invite 20 people, you can earn 1000 rupees, and then you can send a withdrawal request after reaching the 1000-rupee mark.
Url: https://swrice.com/referral-program/
[2023-12-06 08:26:31] EMAIL SENT | ADDRESS: raj*ha*ee*59*@g*ai*.c*m | SUBJECT: Earning from Swrice | VIA: user | CONTENT: Will you submit the referral form now to start earning? You just need to pay a charge of 100 rupees. As soon as you submit, you will receive a golden link that you can share with your friends and family. If they join through your link, you will earn 50 rupees for each person. If you invite 20 people, you can earn 1000 rupees, and then you can send a withdrawal request after reaching the 1000-rupee mark.
Url: https://swrice.com/referral-program/
[2023-12-06 08:26:31] EMAIL SENT | ADDRESS: the*rg*at*11*gm*il*co* | SUBJECT: Earning from Swrice | VIA: user | CONTENT: Will you submit the referral form now to start earning? You just need to pay a charge of 100 rupees. As soon as you submit, you will receive a golden link that you can share with your friends and family. If they join through your link, you will earn 50 rupees for each person. If you invite 20 people, you can earn 1000 rupees, and then you can send a withdrawal request after reaching the 1000-rupee mark.
Url: https://swrice.com/referral-program/
[2023-12-06 08:26:31] EMAIL SENT | ADDRESS: muh*mm*dh*mm*di*ya*al*@g*ai*.c*m | SUBJECT: Earning from Swrice | VIA: user | CONTENT: Will you submit the referral form now to start earning? You just need to pay a charge of 100 rupees. As soon as you submit, you will receive a golden link that you can share with your friends and family. If they join through your link, you will earn 50 rupees for each person. If you invite 20 people, you can earn 1000 rupees, and then you can send a withdrawal request after reaching the 1000-rupee mark.
Url: https://swrice.com/referral-program/
[2023-12-06 08:26:31] EMAIL SENT | ADDRESS: hja*19*0@*ma*l.*om | SUBJECT: Earning from Swrice | VIA: user | CONTENT: Will you submit the referral form now to start earning? You just need to pay a charge of 100 rupees. As soon as you submit, you will receive a golden link that you can share with your friends and family. If they join through your link, you will earn 50 rupees for each person. If you invite 20 people, you can earn 1000 rupees, and then you can send a withdrawal request after reaching the 1000-rupee mark.
Url: https://swrice.com/referral-program/
[2023-12-06 08:26:31] EMAIL SENT | ADDRESS: man*hu*sa*n8*gm*il*co* | SUBJECT: Earning from Swrice | VIA: user | CONTENT: Will you submit the referral form now to start earning? You just need to pay a charge of 100 rupees. As soon as you submit, you will receive a golden link that you can share with your friends and family. If they join through your link, you will earn 50 rupees for each person. If you invite 20 people, you can earn 1000 rupees, and then you can send a withdrawal request after reaching the 1000-rupee mark.
Url: https://swrice.com/referral-program/
[2023-12-06 08:26:31] EMAIL SENT | ADDRESS: bib*iq*a2*15*gm*il*co* | SUBJECT: Earning from Swrice | VIA: user | CONTENT: Will you submit the referral form now to start earning? You just need to pay a charge of 100 rupees. As soon as you submit, you will receive a golden link that you can share with your friends and family. If they join through your link, you will earn 50 rupees for each person. If you invite 20 people, you can earn 1000 rupees, and then you can send a withdrawal request after reaching the 1000-rupee mark.
Url: https://swrice.com/referral-program/
[2023-12-06 08:26:32] EMAIL SENT | ADDRESS: jas*ia*ar*q4*11*3@*ma*l.*om | SUBJECT: Earning from Swrice | VIA: user | CONTENT: Will you submit the referral form now to start earning? You just need to pay a charge of 100 rupees. As soon as you submit, you will receive a golden link that you can share with your friends and family. If they join through your link, you will earn 50 rupees for each person. If you invite 20 people, you can earn 1000 rupees, and then you can send a withdrawal request after reaching the 1000-rupee mark.
Url: https://swrice.com/referral-program/
[2023-12-06 08:26:32] EMAIL SENT | ADDRESS: raz*ja*er*a3*@g*ai*.c*m | SUBJECT: Earning from Swrice | VIA: user | CONTENT: Will you submit the referral form now to start earning? You just need to pay a charge of 100 rupees. As soon as you submit, you will receive a golden link that you can share with your friends and family. If they join through your link, you will earn 50 rupees for each person. If you invite 20 people, you can earn 1000 rupees, and then you can send a withdrawal request after reaching the 1000-rupee mark.
Url: https://swrice.com/referral-program/
[2023-12-06 08:26:32] EMAIL SENT | ADDRESS: jfl*n1*92*gm*il*co* | SUBJECT: Earning from Swrice | VIA: user | CONTENT: Will you submit the referral form now to start earning? You just need to pay a charge of 100 rupees. As soon as you submit, you will receive a golden link that you can share with your friends and family. If they join through your link, you will earn 50 rupees for each person. If you invite 20 people, you can earn 1000 rupees, and then you can send a withdrawal request after reaching the 1000-rupee mark.
Url: https://swrice.com/referral-program/
[2023-12-06 08:26:32] EMAIL SENT | ADDRESS: jaw*ri*k3*@g*ai*.c*m | SUBJECT: Earning from Swrice | VIA: user | CONTENT: Will you submit the referral form now to start earning? You just need to pay a charge of 100 rupees. As soon as you submit, you will receive a golden link that you can share with your friends and family. If they join through your link, you will earn 50 rupees for each person. If you invite 20 people, you can earn 1000 rupees, and then you can send a withdrawal request after reaching the 1000-rupee mark.
Url: https://swrice.com/referral-program/
[2023-12-06 08:26:32] EMAIL SENT | ADDRESS: jiy*sh*63*gm*il*co* | SUBJECT: Earning from Swrice | VIA: user | CONTENT: Will you submit the referral form now to start earning? You just need to pay a charge of 100 rupees. As soon as you submit, you will receive a golden link that you can share with your friends and family. If they join through your link, you will earn 50 rupees for each person. If you invite 20 people, you can earn 1000 rupees, and then you can send a withdrawal request after reaching the 1000-rupee mark.
Url: https://swrice.com/referral-program/
[2023-12-06 08:26:32] EMAIL SENT | ADDRESS: imk*an*90*4@*ma*l.*om | SUBJECT: Earning from Swrice | VIA: user | CONTENT: Will you submit the referral form now to start earning? You just need to pay a charge of 100 rupees. As soon as you submit, you will receive a golden link that you can share with your friends and family. If they join through your link, you will earn 50 rupees for each person. If you invite 20 people, you can earn 1000 rupees, and then you can send a withdrawal request after reaching the 1000-rupee mark.
Url: https://swrice.com/referral-program/
[2023-12-06 08:26:32] EMAIL SENT | ADDRESS: mid*le*if*60*@g*ai*.c*m | SUBJECT: Earning from Swrice | VIA: user | CONTENT: Will you submit the referral form now to start earning? You just need to pay a charge of 100 rupees. As soon as you submit, you will receive a golden link that you can share with your friends and family. If they join through your link, you will earn 50 rupees for each person. If you invite 20 people, you can earn 1000 rupees, and then you can send a withdrawal request after reaching the 1000-rupee mark.
Url: https://swrice.com/referral-program/
[2023-12-06 08:26:33] EMAIL SENT | ADDRESS: zai*ab*at*ma*29*@g*ai*.c*m | SUBJECT: Earning from Swrice | VIA: user | CONTENT: Will you submit the referral form now to start earning? You just need to pay a charge of 100 rupees. As soon as you submit, you will receive a golden link that you can share with your friends and family. If they join through your link, you will earn 50 rupees for each person. If you invite 20 people, you can earn 1000 rupees, and then you can send a withdrawal request after reaching the 1000-rupee mark.
Url: https://swrice.com/referral-program/
[2023-12-06 08:26:33] EMAIL SENT | ADDRESS: Nik*la*ap*32*gm*il*co* | SUBJECT: Earning from Swrice | VIA: user | CONTENT: Will you submit the referral form now to start earning? You just need to pay a charge of 100 rupees. As soon as you submit, you will receive a golden link that you can share with your friends and family. If they join through your link, you will earn 50 rupees for each person. If you invite 20 people, you can earn 1000 rupees, and then you can send a withdrawal request after reaching the 1000-rupee mark.
Url: https://swrice.com/referral-program/
[2023-12-06 08:26:33] EMAIL SENT | ADDRESS: lal*.l*ck*78*@g*ai*.c*m | SUBJECT: Earning from Swrice | VIA: user | CONTENT: Will you submit the referral form now to start earning? You just need to pay a charge of 100 rupees. As soon as you submit, you will receive a golden link that you can share with your friends and family. If they join through your link, you will earn 50 rupees for each person. If you invite 20 people, you can earn 1000 rupees, and then you can send a withdrawal request after reaching the 1000-rupee mark.
Url: https://swrice.com/referral-program/
[2023-12-06 08:26:33] EMAIL SENT | ADDRESS: moa*za*19*me*13*6@*ma*l.*om | SUBJECT: Earning from Swrice | VIA: user | CONTENT: Will you submit the referral form now to start earning? You just need to pay a charge of 100 rupees. As soon as you submit, you will receive a golden link that you can share with your friends and family. If they join through your link, you will earn 50 rupees for each person. If you invite 20 people, you can earn 1000 rupees, and then you can send a withdrawal request after reaching the 1000-rupee mark.
Url: https://swrice.com/referral-program/
[2023-12-06 08:26:33] EMAIL SENT | ADDRESS: mu2*84*39*gm*il*co* | SUBJECT: Earning from Swrice | VIA: user | CONTENT: Will you submit the referral form now to start earning? You just need to pay a charge of 100 rupees. As soon as you submit, you will receive a golden link that you can share with your friends and family. If they join through your link, you will earn 50 rupees for each person. If you invite 20 people, you can earn 1000 rupees, and then you can send a withdrawal request after reaching the 1000-rupee mark.
Url: https://swrice.com/referral-program/
[2023-12-06 08:26:33] EMAIL SENT | ADDRESS: muh*mm*da*ee*06*7@*ma*l.*om | SUBJECT: Earning from Swrice | VIA: user | CONTENT: Will you submit the referral form now to start earning? You just need to pay a charge of 100 rupees. As soon as you submit, you will receive a golden link that you can share with your friends and family. If they join through your link, you will earn 50 rupees for each person. If you invite 20 people, you can earn 1000 rupees, and then you can send a withdrawal request after reaching the 1000-rupee mark.
Url: https://swrice.com/referral-program/
[2023-12-06 08:26:33] EMAIL SENT | ADDRESS: sir*.m*sa*@g*ai*.c*m | SUBJECT: Earning from Swrice | VIA: user | CONTENT: Will you submit the referral form now to start earning? You just need to pay a charge of 100 rupees. As soon as you submit, you will receive a golden link that you can share with your friends and family. If they join through your link, you will earn 50 rupees for each person. If you invite 20 people, you can earn 1000 rupees, and then you can send a withdrawal request after reaching the 1000-rupee mark.
Url: https://swrice.com/referral-program/
[2023-12-06 08:26:34] EMAIL SENT | ADDRESS: naq*as*di*it*l@*ma*l.*om | SUBJECT: Earning from Swrice | VIA: user | CONTENT: Will you submit the referral form now to start earning? You just need to pay a charge of 100 rupees. As soon as you submit, you will receive a golden link that you can share with your friends and family. If they join through your link, you will earn 50 rupees for each person. If you invite 20 people, you can earn 1000 rupees, and then you can send a withdrawal request after reaching the 1000-rupee mark.
Url: https://swrice.com/referral-program/
[2023-12-06 08:26:34] EMAIL SENT | ADDRESS: nav*dw*bx*ty*gm*il*co* | SUBJECT: Earning from Swrice | VIA: user | CONTENT: Will you submit the referral form now to start earning? You just need to pay a charge of 100 rupees. As soon as you submit, you will receive a golden link that you can share with your friends and family. If they join through your link, you will earn 50 rupees for each person. If you invite 20 people, you can earn 1000 rupees, and then you can send a withdrawal request after reaching the 1000-rupee mark.
Url: https://swrice.com/referral-program/
[2023-12-06 08:26:34] EMAIL SENT | ADDRESS: rab*aw*za*me*95*gm*il*co* | SUBJECT: Earning from Swrice | VIA: user | CONTENT: Will you submit the referral form now to start earning? You just need to pay a charge of 100 rupees. As soon as you submit, you will receive a golden link that you can share with your friends and family. If they join through your link, you will earn 50 rupees for each person. If you invite 20 people, you can earn 1000 rupees, and then you can send a withdrawal request after reaching the 1000-rupee mark.
Url: https://swrice.com/referral-program/
[2023-12-06 08:26:34] EMAIL SENT | ADDRESS: nim*as*ar*f8*2@*ma*l.*om | SUBJECT: Earning from Swrice | VIA: user | CONTENT: Will you submit the referral form now to start earning? You just need to pay a charge of 100 rupees. As soon as you submit, you will receive a golden link that you can share with your friends and family. If they join through your link, you will earn 50 rupees for each person. If you invite 20 people, you can earn 1000 rupees, and then you can send a withdrawal request after reaching the 1000-rupee mark.
Url: https://swrice.com/referral-program/
[2023-12-06 08:26:34] EMAIL SENT | ADDRESS: nit*sh*kh*n7*0@*ma*l.*om | SUBJECT: Earning from Swrice | VIA: user | CONTENT: Will you submit the referral form now to start earning? You just need to pay a charge of 100 rupees. As soon as you submit, you will receive a golden link that you can share with your friends and family. If they join through your link, you will earn 50 rupees for each person. If you invite 20 people, you can earn 1000 rupees, and then you can send a withdrawal request after reaching the 1000-rupee mark.
Url: https://swrice.com/referral-program/
[2023-12-06 08:26:34] EMAIL SENT | ADDRESS: rao*am*l0*2@*ma*l.*om | SUBJECT: Earning from Swrice | VIA: user | CONTENT: Will you submit the referral form now to start earning? You just need to pay a charge of 100 rupees. As soon as you submit, you will receive a golden link that you can share with your friends and family. If they join through your link, you will earn 50 rupees for each person. If you invite 20 people, you can earn 1000 rupees, and then you can send a withdrawal request after reaching the 1000-rupee mark.
Url: https://swrice.com/referral-program/
[2023-12-06 08:26:34] EMAIL SENT | ADDRESS: asa*ka*al*01*gm*il*co* | SUBJECT: Earning from Swrice | VIA: user | CONTENT: Will you submit the referral form now to start earning? You just need to pay a charge of 100 rupees. As soon as you submit, you will receive a golden link that you can share with your friends and family. If they join through your link, you will earn 50 rupees for each person. If you invite 20 people, you can earn 1000 rupees, and then you can send a withdrawal request after reaching the 1000-rupee mark.
Url: https://swrice.com/referral-program/
[2023-12-06 08:26:35] EMAIL SENT | ADDRESS: rob*na*nw*r6*0@*ma*l.*om | SUBJECT: Earning from Swrice | VIA: user | CONTENT: Will you submit the referral form now to start earning? You just need to pay a charge of 100 rupees. As soon as you submit, you will receive a golden link that you can share with your friends and family. If they join through your link, you will earn 50 rupees for each person. If you invite 20 people, you can earn 1000 rupees, and then you can send a withdrawal request after reaching the 1000-rupee mark.
Url: https://swrice.com/referral-program/
[2023-12-06 08:26:35] EMAIL SENT | ADDRESS: asa*88*04*@g*ai*.c*m | SUBJECT: Earning from Swrice | VIA: user | CONTENT: Will you submit the referral form now to start earning? You just need to pay a charge of 100 rupees. As soon as you submit, you will receive a golden link that you can share with your friends and family. If they join through your link, you will earn 50 rupees for each person. If you invite 20 people, you can earn 1000 rupees, and then you can send a withdrawal request after reaching the 1000-rupee mark.
Url: https://swrice.com/referral-program/
[2023-12-06 08:26:35] EMAIL SENT | ADDRESS: sha*no*rs*ei*h2*34*gm*il*co* | SUBJECT: Earning from Swrice | VIA: user | CONTENT: Will you submit the referral form now to start earning? You just need to pay a charge of 100 rupees. As soon as you submit, you will receive a golden link that you can share with your friends and family. If they join through your link, you will earn 50 rupees for each person. If you invite 20 people, you can earn 1000 rupees, and then you can send a withdrawal request after reaching the 1000-rupee mark.
Url: https://swrice.com/referral-program/
[2023-12-06 08:26:35] EMAIL SENT | ADDRESS: Sha*za*oo*56*@g*ai*.c*m | SUBJECT: Earning from Swrice | VIA: user | CONTENT: Will you submit the referral form now to start earning? You just need to pay a charge of 100 rupees. As soon as you submit, you will receive a golden link that you can share with your friends and family. If they join through your link, you will earn 50 rupees for each person. If you invite 20 people, you can earn 1000 rupees, and then you can send a withdrawal request after reaching the 1000-rupee mark.
Url: https://swrice.com/referral-program/
[2023-12-06 08:26:35] EMAIL SENT | ADDRESS: sho*ib*kh*ar*23*gm*il*co* | SUBJECT: Earning from Swrice | VIA: user | CONTENT: Will you submit the referral form now to start earning? You just need to pay a charge of 100 rupees. As soon as you submit, you will receive a golden link that you can share with your friends and family. If they join through your link, you will earn 50 rupees for each person. If you invite 20 people, you can earn 1000 rupees, and then you can send a withdrawal request after reaching the 1000-rupee mark.
Url: https://swrice.com/referral-program/
[2023-12-06 08:26:35] EMAIL SENT | ADDRESS: za3*36*9@*ma*l.*om | SUBJECT: Earning from Swrice | VIA: user | CONTENT: Will you submit the referral form now to start earning? You just need to pay a charge of 100 rupees. As soon as you submit, you will receive a golden link that you can share with your friends and family. If they join through your link, you will earn 50 rupees for each person. If you invite 20 people, you can earn 1000 rupees, and then you can send a withdrawal request after reaching the 1000-rupee mark.
Url: https://swrice.com/referral-program/
[2023-12-06 08:26:35] EMAIL SENT | ADDRESS: tal*at*in*s6*@g*ai*.c*m | SUBJECT: Earning from Swrice | VIA: user | CONTENT: Will you submit the referral form now to start earning? You just need to pay a charge of 100 rupees. As soon as you submit, you will receive a golden link that you can share with your friends and family. If they join through your link, you will earn 50 rupees for each person. If you invite 20 people, you can earn 1000 rupees, and then you can send a withdrawal request after reaching the 1000-rupee mark.
Url: https://swrice.com/referral-program/
[2023-12-06 08:26:35] EMAIL SENT | ADDRESS: ahm*dt*lh*78*gm*il*co* | SUBJECT: Earning from Swrice | VIA: user | CONTENT: Will you submit the referral form now to start earning? You just need to pay a charge of 100 rupees. As soon as you submit, you will receive a golden link that you can share with your friends and family. If they join through your link, you will earn 50 rupees for each person. If you invite 20 people, you can earn 1000 rupees, and then you can send a withdrawal request after reaching the 1000-rupee mark.
Url: https://swrice.com/referral-program/
[2023-12-06 08:26:36] EMAIL SENT | ADDRESS: ali*ay*ab*er*@g*ai*.c*m | SUBJECT: Earning from Swrice | VIA: user | CONTENT: Will you submit the referral form now to start earning? You just need to pay a charge of 100 rupees. As soon as you submit, you will receive a golden link that you can share with your friends and family. If they join through your link, you will earn 50 rupees for each person. If you invite 20 people, you can earn 1000 rupees, and then you can send a withdrawal request after reaching the 1000-rupee mark.
Url: https://swrice.com/referral-program/
[2023-12-06 08:26:36] EMAIL SENT | ADDRESS: uk5*33*gm*il*co* | SUBJECT: Earning from Swrice | VIA: user | CONTENT: Will you submit the referral form now to start earning? You just need to pay a charge of 100 rupees. As soon as you submit, you will receive a golden link that you can share with your friends and family. If they join through your link, you will earn 50 rupees for each person. If you invite 20 people, you can earn 1000 rupees, and then you can send a withdrawal request after reaching the 1000-rupee mark.
Url: https://swrice.com/referral-program/
[2023-12-06 08:26:36] EMAIL SENT | ADDRESS: waq*r0*42*29*gm*il*co* | SUBJECT: Earning from Swrice | VIA: user | CONTENT: Will you submit the referral form now to start earning? You just need to pay a charge of 100 rupees. As soon as you submit, you will receive a golden link that you can share with your friends and family. If they join through your link, you will earn 50 rupees for each person. If you invite 20 people, you can earn 1000 rupees, and then you can send a withdrawal request after reaching the 1000-rupee mark.
Url: https://swrice.com/referral-program/
[2023-12-06 08:26:36] EMAIL SENT | ADDRESS: web*ri*ks*@g*ai*.c*m | SUBJECT: Earning from Swrice | VIA: user | CONTENT: Will you submit the referral form now to start earning? You just need to pay a charge of 100 rupees. As soon as you submit, you will receive a golden link that you can share with your friends and family. If they join through your link, you will earn 50 rupees for each person. If you invite 20 people, you can earn 1000 rupees, and then you can send a withdrawal request after reaching the 1000-rupee mark.
Url: https://swrice.com/referral-program/
[2023-12-06 08:26:36] EMAIL SENT | ADDRESS: zai*ab*ja*il*23*5@*ma*l.*om | SUBJECT: Earning from Swrice | VIA: user | CONTENT: Will you submit the referral form now to start earning? You just need to pay a charge of 100 rupees. As soon as you submit, you will receive a golden link that you can share with your friends and family. If they join through your link, you will earn 50 rupees for each person. If you invite 20 people, you can earn 1000 rupees, and then you can send a withdrawal request after reaching the 1000-rupee mark.
Url: https://swrice.com/referral-program/
