[2023-12-09 09:50:46] EMAIL SENT | ADDRESS: gra*li*ep*a1*88*gm*.c*m | SUBJECT: Swrice | Latest Update | VIA: user | CONTENT: Hi, Isaias Galway We hope you\'re doing well.
We have fixed the image uploading issue. Now, you can share images along with your post content in the activity section so that people can directly view your portfolio.
Please visit and post you portfolio: https://swrice.com/news-feed/
Thanks!
[2023-12-09 09:50:46] EMAIL SENT | ADDRESS: abd*lp*rv*z7*4@*ma*l.*om | SUBJECT: Swrice | Latest Update | VIA: user | CONTENT: Hi, Abdul Basit We hope you\'re doing well.
We have fixed the image uploading issue. Now, you can share images along with your post content in the activity section so that people can directly view your portfolio.
Please visit and post you portfolio: https://swrice.com/news-feed/
Thanks!
[2023-12-09 09:50:46] EMAIL SENT | ADDRESS: abd*lh*di*03*3@*ma*l.*om | SUBJECT: Swrice | Latest Update | VIA: user | CONTENT: Hi, Abdul Hadi We hope you\'re doing well.
We have fixed the image uploading issue. Now, you can share images along with your post content in the activity section so that people can directly view your portfolio.
Please visit and post you portfolio: https://swrice.com/news-feed/
Thanks!
[2023-12-09 09:50:46] EMAIL SENT | ADDRESS: lea*nw*th*77*gm*il*co* | SUBJECT: Swrice | Latest Update | VIA: user | CONTENT: Hi, Abdullah Ahmed Usmani We hope you\'re doing well.
We have fixed the image uploading issue. Now, you can share images along with your post content in the activity section so that people can directly view your portfolio.
Please visit and post you portfolio: https://swrice.com/news-feed/
Thanks!
[2023-12-09 09:50:47] EMAIL SENT | ADDRESS: reh*an*ur*sh*73*@g*ai*.c*m | SUBJECT: Swrice | Latest Update | VIA: user | CONTENT: Hi, Abdur Rehman We hope you\'re doing well.
We have fixed the image uploading issue. Now, you can share images along with your post content in the activity section so that people can directly view your portfolio.
Please visit and post you portfolio: https://swrice.com/news-feed/
Thanks!
[2023-12-09 09:50:47] EMAIL SENT | ADDRESS: afh*ms*ei*h2*@g*ai*.c*m | SUBJECT: Swrice | Latest Update | VIA: user | CONTENT: Hi, Afham Sheikh We hope you\'re doing well.
We have fixed the image uploading issue. Now, you can share images along with your post content in the activity section so that people can directly view your portfolio.
Please visit and post you portfolio: https://swrice.com/news-feed/
Thanks!
[2023-12-09 09:50:47] EMAIL SENT | ADDRESS: aha*hu*se*n9*6@*ma*l.*om | SUBJECT: Swrice | Latest Update | VIA: user | CONTENT: Hi, Ahad Hussain We hope you\'re doing well.
We have fixed the image uploading issue. Now, you can share images along with your post content in the activity section so that people can directly view your portfolio.
Please visit and post you portfolio: https://swrice.com/news-feed/
Thanks!
[2023-12-09 09:50:47] EMAIL SENT | ADDRESS: shk*hm*d9*5@*ma*l.*om | SUBJECT: Swrice | Latest Update | VIA: user | CONTENT: Hi, Muhammad Ahmad We hope you\'re doing well.
We have fixed the image uploading issue. Now, you can share images along with your post content in the activity section so that people can directly view your portfolio.
Please visit and post you portfolio: https://swrice.com/news-feed/
Thanks!
[2023-12-09 09:50:47] EMAIL SENT | ADDRESS: ahm*dh*se*b6*25*gm*il*co* | SUBJECT: Swrice | Latest Update | VIA: user | CONTENT: Hi, Ahmad Haseeb We hope you\'re doing well.
We have fixed the image uploading issue. Now, you can share images along with your post content in the activity section so that people can directly view your portfolio.
Please visit and post you portfolio: https://swrice.com/news-feed/
Thanks!
[2023-12-09 09:50:47] EMAIL SENT | ADDRESS: aja*ah*ed*00*4@*ma*l.*om | SUBJECT: Swrice | Latest Update | VIA: user | CONTENT: Hi, Ajaz Ahmed We hope you\'re doing well.
We have fixed the image uploading issue. Now, you can share images along with your post content in the activity section so that people can directly view your portfolio.
Please visit and post you portfolio: https://swrice.com/news-feed/
Thanks!
[2023-12-09 09:50:47] EMAIL SENT | ADDRESS: ali*aa*me*.2*@g*ai*.c*m | SUBJECT: Swrice | Latest Update | VIA: user | CONTENT: Hi, Aliha Ahmed We hope you\'re doing well.
We have fixed the image uploading issue. Now, you can share images along with your post content in the activity section so that people can directly view your portfolio.
Please visit and post you portfolio: https://swrice.com/news-feed/
Thanks!
[2023-12-09 09:50:48] EMAIL SENT | ADDRESS: kha*al*ez*15*@g*ai*.c*m | SUBJECT: Swrice | Latest Update | VIA: user | CONTENT: Hi, Aliza Khan We hope you\'re doing well.
We have fixed the image uploading issue. Now, you can share images along with your post content in the activity section so that people can directly view your portfolio.
Please visit and post you portfolio: https://swrice.com/news-feed/
Thanks!
[2023-12-09 09:50:48] EMAIL SENT | ADDRESS: amj*dq*re*hi*a@*ot*ai*.c*m | SUBJECT: Swrice | Latest Update | VIA: user | CONTENT: Hi, Muhammad Amjad We hope you\'re doing well.
We have fixed the image uploading issue. Now, you can share images along with your post content in the activity section so that people can directly view your portfolio.
Please visit and post you portfolio: https://swrice.com/news-feed/
Thanks!
[2023-12-09 09:50:48] EMAIL SENT | ADDRESS: amn*gu*62*@g*ai*.c*m | SUBJECT: Swrice | Latest Update | VIA: user | CONTENT: Hi, Amna Gul We hope you\'re doing well.
We have fixed the image uploading issue. Now, you can share images along with your post content in the activity section so that people can directly view your portfolio.
Please visit and post you portfolio: https://swrice.com/news-feed/
Thanks!
[2023-12-09 09:50:48] EMAIL SENT | ADDRESS: Arm*na*i2*4@*ma*l.*om | SUBJECT: Swrice | Latest Update | VIA: user | CONTENT: Hi, Arman Ali We hope you\'re doing well.
We have fixed the image uploading issue. Now, you can share images along with your post content in the activity section so that people can directly view your portfolio.
Please visit and post you portfolio: https://swrice.com/news-feed/
Thanks!
[2023-12-09 09:50:48] EMAIL SENT | ADDRESS: aye*ha*em*ni*@g*ai*.c*m | SUBJECT: Swrice | Latest Update | VIA: user | CONTENT: Hi, Ayesha Arshad We hope you\'re doing well.
We have fixed the image uploading issue. Now, you can share images along with your post content in the activity section so that people can directly view your portfolio.
Please visit and post you portfolio: https://swrice.com/news-feed/
Thanks!
[2023-12-09 09:50:48] EMAIL SENT | ADDRESS: ayk*an*22*gm*il*co* | SUBJECT: Swrice | Latest Update | VIA: user | CONTENT: Hi, Ayesha Khan We hope you\'re doing well.
We have fixed the image uploading issue. Now, you can share images along with your post content in the activity section so that people can directly view your portfolio.
Please visit and post you portfolio: https://swrice.com/news-feed/
Thanks!
[2023-12-09 09:50:48] EMAIL SENT | ADDRESS: pir*as*ta*h@*ma*l.*om | SUBJECT: Swrice | Latest Update | VIA: user | CONTENT: Hi, Abdul Basit We hope you\'re doing well.
We have fixed the image uploading issue. Now, you can share images along with your post content in the activity section so that people can directly view your portfolio.
Please visit and post you portfolio: https://swrice.com/news-feed/
Thanks!
[2023-12-09 09:50:49] EMAIL SENT | ADDRESS: haf*zb*rh*n6*3@*ma*l.*om | SUBJECT: Swrice | Latest Update | VIA: user | CONTENT: Hi, Syed Burhan Ul Hassan We hope you\'re doing well.
We have fixed the image uploading issue. Now, you can share images along with your post content in the activity section so that people can directly view your portfolio.
Please visit and post you portfolio: https://swrice.com/news-feed/
Thanks!
[2023-12-09 09:50:49] EMAIL SENT | ADDRESS: cas*as*wo*ld*gm*il*co* | SUBJECT: Swrice | Latest Update | VIA: user | CONTENT: Hi, Caseash World  We hope you\'re doing well.
We have fixed the image uploading issue. Now, you can share images along with your post content in the activity section so that people can directly view your portfolio.
Please visit and post you portfolio: https://swrice.com/news-feed/
Thanks!
[2023-12-09 09:50:49] EMAIL SENT | ADDRESS: faz*el*tg*a@*ma*l.*om | SUBJECT: Swrice | Latest Update | VIA: user | CONTENT: Hi, Fazeelat Graphics We hope you\'re doing well.
We have fixed the image uploading issue. Now, you can share images along with your post content in the activity section so that people can directly view your portfolio.
Please visit and post you portfolio: https://swrice.com/news-feed/
Thanks!
[2023-12-09 09:50:49] EMAIL SENT | ADDRESS: fiz*ar*oj*40*@g*ai*.c*m | SUBJECT: Swrice | Latest Update | VIA: user | CONTENT: Hi, Fiza Arooj We hope you\'re doing well.
We have fixed the image uploading issue. Now, you can share images along with your post content in the activity section so that people can directly view your portfolio.
Please visit and post you portfolio: https://swrice.com/news-feed/
Thanks!
[2023-12-09 09:50:49] EMAIL SENT | ADDRESS: kam*an*sw*ic*.c*m | SUBJECT: Swrice | Latest Update | VIA: user | CONTENT: Hi, Muhammad Kamran We hope you\'re doing well.
We have fixed the image uploading issue. Now, you can share images along with your post content in the activity section so that people can directly view your portfolio.
Please visit and post you portfolio: https://swrice.com/news-feed/
Thanks!
[2023-12-09 09:50:49] EMAIL SENT | ADDRESS: sye*mu*am*ad*ur*an*23*gm*il*co* | SUBJECT: Swrice | Latest Update | VIA: user | CONTENT: Hi, Furqan Bukhari We hope you\'re doing well.
We have fixed the image uploading issue. Now, you can share images along with your post content in the activity section so that people can directly view your portfolio.
Please visit and post you portfolio: https://swrice.com/news-feed/
Thanks!
[2023-12-09 09:50:49] EMAIL SENT | ADDRESS: raj*ha*ee*59*@g*ai*.c*m | SUBJECT: Swrice | Latest Update | VIA: user | CONTENT: Hi, M hafeez Ghazi We hope you\'re doing well.
We have fixed the image uploading issue. Now, you can share images along with your post content in the activity section so that people can directly view your portfolio.
Please visit and post you portfolio: https://swrice.com/news-feed/
Thanks!
[2023-12-09 09:50:50] EMAIL SENT | ADDRESS: the*rg*at*11*gm*il*co* | SUBJECT: Swrice | Latest Update | VIA: user | CONTENT: Hi, Hafiz Hammad We hope you\'re doing well.
We have fixed the image uploading issue. Now, you can share images along with your post content in the activity section so that people can directly view your portfolio.
Please visit and post you portfolio: https://swrice.com/news-feed/
Thanks!
[2023-12-09 09:50:50] EMAIL SENT | ADDRESS: muh*mm*dh*mm*di*ya*al*@g*ai*.c*m | SUBJECT: Swrice | Latest Update | VIA: user | CONTENT: Hi, Hammad Ali We hope you\'re doing well.
We have fixed the image uploading issue. Now, you can share images along with your post content in the activity section so that people can directly view your portfolio.
Please visit and post you portfolio: https://swrice.com/news-feed/
Thanks!
[2023-12-09 09:50:50] EMAIL SENT | ADDRESS: hja*19*0@*ma*l.*om | SUBJECT: Swrice | Latest Update | VIA: user | CONTENT: Hi, Muhammad Hassan Jan We hope you\'re doing well.
We have fixed the image uploading issue. Now, you can share images along with your post content in the activity section so that people can directly view your portfolio.
Please visit and post you portfolio: https://swrice.com/news-feed/
Thanks!
[2023-12-09 09:50:50] EMAIL SENT | ADDRESS: man*hu*sa*n8*gm*il*co* | SUBJECT: Swrice | Latest Update | VIA: user | CONTENT: Hi, Hussain Ali We hope you\'re doing well.
We have fixed the image uploading issue. Now, you can share images along with your post content in the activity section so that people can directly view your portfolio.
Please visit and post you portfolio: https://swrice.com/news-feed/
Thanks!
[2023-12-09 09:50:50] EMAIL SENT | ADDRESS: bib*iq*a2*15*gm*il*co* | SUBJECT: Swrice | Latest Update | VIA: user | CONTENT: Hi, iqra bibi We hope you\'re doing well.
We have fixed the image uploading issue. Now, you can share images along with your post content in the activity section so that people can directly view your portfolio.
Please visit and post you portfolio: https://swrice.com/news-feed/
Thanks!
[2023-12-09 09:50:50] EMAIL SENT | ADDRESS: jas*ia*ar*q4*11*3@*ma*l.*om | SUBJECT: Swrice | Latest Update | VIA: user | CONTENT: Hi, Jashia Tariq We hope you\'re doing well.
We have fixed the image uploading issue. Now, you can share images along with your post content in the activity section so that people can directly view your portfolio.
Please visit and post you portfolio: https://swrice.com/news-feed/
Thanks!
[2023-12-09 09:50:50] EMAIL SENT | ADDRESS: raz*ja*er*a3*@g*ai*.c*m | SUBJECT: Swrice | Latest Update | VIA: user | CONTENT: Hi, Jaweria Raza We hope you\'re doing well.
We have fixed the image uploading issue. Now, you can share images along with your post content in the activity section so that people can directly view your portfolio.
Please visit and post you portfolio: https://swrice.com/news-feed/
Thanks!
[2023-12-09 09:50:51] EMAIL SENT | ADDRESS: jfl*n1*92*gm*il*co* | SUBJECT: Swrice | Latest Update | VIA: user | CONTENT: Hi, Jflen chezz We hope you\'re doing well.
We have fixed the image uploading issue. Now, you can share images along with your post content in the activity section so that people can directly view your portfolio.
Please visit and post you portfolio: https://swrice.com/news-feed/
Thanks!
[2023-12-09 09:50:51] EMAIL SENT | ADDRESS: jaw*ri*k3*@g*ai*.c*m | SUBJECT: Swrice | Latest Update | VIA: user | CONTENT: Hi, Jia Khan We hope you\'re doing well.
We have fixed the image uploading issue. Now, you can share images along with your post content in the activity section so that people can directly view your portfolio.
Please visit and post you portfolio: https://swrice.com/news-feed/
Thanks!
[2023-12-09 09:50:51] EMAIL SENT | ADDRESS: jiy*sh*63*gm*il*co* | SUBJECT: Swrice | Latest Update | VIA: user | CONTENT: Hi, Wajeeha Shk We hope you\'re doing well.
We have fixed the image uploading issue. Now, you can share images along with your post content in the activity section so that people can directly view your portfolio.
Please visit and post you portfolio: https://swrice.com/news-feed/
Thanks!
[2023-12-09 09:50:51] EMAIL SENT | ADDRESS: imk*an*90*4@*ma*l.*om | SUBJECT: Swrice | Latest Update | VIA: user | CONTENT: Hi, Junaid Khan We hope you\'re doing well.
We have fixed the image uploading issue. Now, you can share images along with your post content in the activity section so that people can directly view your portfolio.
Please visit and post you portfolio: https://swrice.com/news-feed/
Thanks!
[2023-12-09 09:50:51] EMAIL SENT | ADDRESS: mid*le*if*60*@g*ai*.c*m | SUBJECT: Swrice | Latest Update | VIA: user | CONTENT: Hi, kamran aslam We hope you\'re doing well.
We have fixed the image uploading issue. Now, you can share images along with your post content in the activity section so that people can directly view your portfolio.
Please visit and post you portfolio: https://swrice.com/news-feed/
Thanks!
[2023-12-09 09:50:51] EMAIL SENT | ADDRESS: zai*ab*at*ma*29*@g*ai*.c*m | SUBJECT: Swrice | Latest Update | VIA: user | CONTENT: Hi, Zainab Fatima We hope you\'re doing well.
We have fixed the image uploading issue. Now, you can share images along with your post content in the activity section so that people can directly view your portfolio.
Please visit and post you portfolio: https://swrice.com/news-feed/
Thanks!
[2023-12-09 09:50:51] EMAIL SENT | ADDRESS: Nik*la*ap*32*gm*il*co* | SUBJECT: Swrice | Latest Update | VIA: user | CONTENT: Hi, Khvicha  We hope you\'re doing well.
We have fixed the image uploading issue. Now, you can share images along with your post content in the activity section so that people can directly view your portfolio.
Please visit and post you portfolio: https://swrice.com/news-feed/
Thanks!
[2023-12-09 09:50:52] EMAIL SENT | ADDRESS: lal*.l*ck*78*@g*ai*.c*m | SUBJECT: Swrice | Latest Update | VIA: user | CONTENT: Hi, Laraib Latif We hope you\'re doing well.
We have fixed the image uploading issue. Now, you can share images along with your post content in the activity section so that people can directly view your portfolio.
Please visit and post you portfolio: https://swrice.com/news-feed/
Thanks!
[2023-12-09 09:50:52] EMAIL SENT | ADDRESS: moa*za*19*me*13*6@*ma*l.*om | SUBJECT: Swrice | Latest Update | VIA: user | CONTENT: Hi, Moazzam Ahmad Chishti We hope you\'re doing well.
We have fixed the image uploading issue. Now, you can share images along with your post content in the activity section so that people can directly view your portfolio.
Please visit and post you portfolio: https://swrice.com/news-feed/
Thanks!
[2023-12-09 09:50:52] EMAIL SENT | ADDRESS: mu2*84*39*gm*il*co* | SUBJECT: Swrice | Latest Update | VIA: user | CONTENT: Hi, Muhammad Usman We hope you\'re doing well.
We have fixed the image uploading issue. Now, you can share images along with your post content in the activity section so that people can directly view your portfolio.
Please visit and post you portfolio: https://swrice.com/news-feed/
Thanks!
[2023-12-09 09:50:52] EMAIL SENT | ADDRESS: muh*mm*da*ee*06*7@*ma*l.*om | SUBJECT: Swrice | Latest Update | VIA: user | CONTENT: Hi, Muhammad Ameen We hope you\'re doing well.
We have fixed the image uploading issue. Now, you can share images along with your post content in the activity section so that people can directly view your portfolio.
Please visit and post you portfolio: https://swrice.com/news-feed/
Thanks!
[2023-12-09 09:50:52] EMAIL SENT | ADDRESS: sir*.m*sa*@g*ai*.c*m | SUBJECT: Swrice | Latest Update | VIA: user | CONTENT: Hi, Musab Ahmed We hope you\'re doing well.
We have fixed the image uploading issue. Now, you can share images along with your post content in the activity section so that people can directly view your portfolio.
Please visit and post you portfolio: https://swrice.com/news-feed/
Thanks!
[2023-12-09 09:50:52] EMAIL SENT | ADDRESS: naq*as*di*it*l@*ma*l.*om | SUBJECT: Swrice | Latest Update | VIA: user | CONTENT: Hi, Naqqash Khalil We hope you\'re doing well.
We have fixed the image uploading issue. Now, you can share images along with your post content in the activity section so that people can directly view your portfolio.
Please visit and post you portfolio: https://swrice.com/news-feed/
Thanks!
[2023-12-09 09:50:52] EMAIL SENT | ADDRESS: nav*dw*bx*ty*gm*il*co* | SUBJECT: Swrice | Latest Update | VIA: user | CONTENT: Hi, Muhammad Naveed We hope you\'re doing well.
We have fixed the image uploading issue. Now, you can share images along with your post content in the activity section so that people can directly view your portfolio.
Please visit and post you portfolio: https://swrice.com/news-feed/
Thanks!
[2023-12-09 09:50:53] EMAIL SENT | ADDRESS: rab*aw*za*me*95*gm*il*co* | SUBJECT: Swrice | Latest Update | VIA: user | CONTENT: Hi, RABNAWAZ Nawaz We hope you\'re doing well.
We have fixed the image uploading issue. Now, you can share images along with your post content in the activity section so that people can directly view your portfolio.
Please visit and post you portfolio: https://swrice.com/news-feed/
Thanks!
[2023-12-09 09:50:53] EMAIL SENT | ADDRESS: nim*as*ar*f8*2@*ma*l.*om | SUBJECT: Swrice | Latest Update | VIA: user | CONTENT: Hi, Nimra Muhammad Sharif We hope you\'re doing well.
We have fixed the image uploading issue. Now, you can share images along with your post content in the activity section so that people can directly view your portfolio.
Please visit and post you portfolio: https://swrice.com/news-feed/
Thanks!
[2023-12-09 09:50:53] EMAIL SENT | ADDRESS: nit*sh*kh*n7*0@*ma*l.*om | SUBJECT: Swrice | Latest Update | VIA: user | CONTENT: Hi, Nitasha Khan We hope you\'re doing well.
We have fixed the image uploading issue. Now, you can share images along with your post content in the activity section so that people can directly view your portfolio.
Please visit and post you portfolio: https://swrice.com/news-feed/
Thanks!
[2023-12-09 09:50:53] EMAIL SENT | ADDRESS: rao*am*l0*2@*ma*l.*om | SUBJECT: Swrice | Latest Update | VIA: user | CONTENT: Hi, Rao Kamal We hope you\'re doing well.
We have fixed the image uploading issue. Now, you can share images along with your post content in the activity section so that people can directly view your portfolio.
Please visit and post you portfolio: https://swrice.com/news-feed/
Thanks!
[2023-12-09 09:50:53] EMAIL SENT | ADDRESS: asa*ka*al*01*gm*il*co* | SUBJECT: Swrice | Latest Update | VIA: user | CONTENT: Hi, Rao Asad We hope you\'re doing well.
We have fixed the image uploading issue. Now, you can share images along with your post content in the activity section so that people can directly view your portfolio.
Please visit and post you portfolio: https://swrice.com/news-feed/
Thanks!
[2023-12-09 09:50:53] EMAIL SENT | ADDRESS: rob*na*nw*r6*0@*ma*l.*om | SUBJECT: Swrice | Latest Update | VIA: user | CONTENT: Hi, Robina Anwar We hope you\'re doing well.
We have fixed the image uploading issue. Now, you can share images along with your post content in the activity section so that people can directly view your portfolio.
Please visit and post you portfolio: https://swrice.com/news-feed/
Thanks!
[2023-12-09 09:50:53] EMAIL SENT | ADDRESS: asa*88*04*@g*ai*.c*m | SUBJECT: Swrice | Latest Update | VIA: user | CONTENT: Hi, Asad Khan We hope you\'re doing well.
We have fixed the image uploading issue. Now, you can share images along with your post content in the activity section so that people can directly view your portfolio.
Please visit and post you portfolio: https://swrice.com/news-feed/
Thanks!
[2023-12-09 09:50:54] EMAIL SENT | ADDRESS: sha*no*rs*ei*h2*34*gm*il*co* | SUBJECT: Swrice | Latest Update | VIA: user | CONTENT: Hi, Muhammad Shahnoor khan We hope you\'re doing well.
We have fixed the image uploading issue. Now, you can share images along with your post content in the activity section so that people can directly view your portfolio.
Please visit and post you portfolio: https://swrice.com/news-feed/
Thanks!
[2023-12-09 09:50:54] EMAIL SENT | ADDRESS: Sha*za*oo*56*@g*ai*.c*m | SUBJECT: Swrice | Latest Update | VIA: user | CONTENT: Hi, Shanza Noor We hope you\'re doing well.
We have fixed the image uploading issue. Now, you can share images along with your post content in the activity section so that people can directly view your portfolio.
Please visit and post you portfolio: https://swrice.com/news-feed/
Thanks!
[2023-12-09 09:50:54] EMAIL SENT | ADDRESS: sho*ib*kh*ar*23*gm*il*co* | SUBJECT: Swrice | Latest Update | VIA: user | CONTENT: Hi, Shoaib Akhtar We hope you\'re doing well.
We have fixed the image uploading issue. Now, you can share images along with your post content in the activity section so that people can directly view your portfolio.
Please visit and post you portfolio: https://swrice.com/news-feed/
Thanks!
[2023-12-09 09:50:54] EMAIL SENT | ADDRESS: za3*36*9@*ma*l.*om | SUBJECT: Swrice | Latest Update | VIA: user | CONTENT: Hi, Swrice Agency We hope you\'re doing well.
We have fixed the image uploading issue. Now, you can share images along with your post content in the activity section so that people can directly view your portfolio.
Please visit and post you portfolio: https://swrice.com/news-feed/
Thanks!
[2023-12-09 09:50:54] EMAIL SENT | ADDRESS: tal*at*in*s6*@g*ai*.c*m | SUBJECT: Swrice | Latest Update | VIA: user | CONTENT: Hi, M Talha Tanvir We hope you\'re doing well.
We have fixed the image uploading issue. Now, you can share images along with your post content in the activity section so that people can directly view your portfolio.
Please visit and post you portfolio: https://swrice.com/news-feed/
Thanks!
[2023-12-09 09:50:54] EMAIL SENT | ADDRESS: ahm*dt*lh*78*gm*il*co* | SUBJECT: Swrice | Latest Update | VIA: user | CONTENT: Hi, Talha Ahmed We hope you\'re doing well.
We have fixed the image uploading issue. Now, you can share images along with your post content in the activity section so that people can directly view your portfolio.
Please visit and post you portfolio: https://swrice.com/news-feed/
Thanks!
[2023-12-09 09:50:54] EMAIL SENT | ADDRESS: ali*ay*ab*er*@g*ai*.c*m | SUBJECT: Swrice | Latest Update | VIA: user | CONTENT: Hi, Tayyab Ali We hope you\'re doing well.
We have fixed the image uploading issue. Now, you can share images along with your post content in the activity section so that people can directly view your portfolio.
Please visit and post you portfolio: https://swrice.com/news-feed/
Thanks!
[2023-12-09 09:50:54] EMAIL SENT | ADDRESS: uk5*33*gm*il*co* | SUBJECT: Swrice | Latest Update | VIA: user | CONTENT: Hi, Umar Khan We hope you\'re doing well.
We have fixed the image uploading issue. Now, you can share images along with your post content in the activity section so that people can directly view your portfolio.
Please visit and post you portfolio: https://swrice.com/news-feed/
Thanks!
[2023-12-09 09:50:55] EMAIL SENT | ADDRESS: waq*r0*42*29*gm*il*co* | SUBJECT: Swrice | Latest Update | VIA: user | CONTENT: Hi, waqae iqbal We hope you\'re doing well.
We have fixed the image uploading issue. Now, you can share images along with your post content in the activity section so that people can directly view your portfolio.
Please visit and post you portfolio: https://swrice.com/news-feed/
Thanks!
[2023-12-09 09:50:55] EMAIL SENT | ADDRESS: web*ri*ks*@g*ai*.c*m | SUBJECT: Swrice | Latest Update | VIA: user | CONTENT: Hi, Web Tricks We hope you\'re doing well.
We have fixed the image uploading issue. Now, you can share images along with your post content in the activity section so that people can directly view your portfolio.
Please visit and post you portfolio: https://swrice.com/news-feed/
Thanks!
[2023-12-09 09:50:55] EMAIL SENT | ADDRESS: zai*ab*ja*il*23*5@*ma*l.*om | SUBJECT: Swrice | Latest Update | VIA: user | CONTENT: Hi, Zainab Jamil We hope you\'re doing well.
We have fixed the image uploading issue. Now, you can share images along with your post content in the activity section so that people can directly view your portfolio.
Please visit and post you portfolio: https://swrice.com/news-feed/
Thanks!
