[2023-12-11 04:48:01] EMAIL SENT | ADDRESS: gra*li*ep*a1*88*gm*.c*m | SUBJECT: Swrice | Earning Method | VIA: user | CONTENT: We would like to inform you that you can earn points by engaging in various activities, which can later be converted into money. Here are some tricks through which you can earn points:
Posting and sharing content.
Sending friend requests to others.
Accepting friend requests from others.
Commenting on activities.
Receiving comments on your posts.
Registering new users through the referral program.
Once you reach 2000 points, you will achieve a milestone, which can be converted into money.
Quickly visit the site and start earning points: https://swrice.com/news-feed/
Thanks!
[2023-12-11 04:48:02] EMAIL SENT | ADDRESS: abd*lp*rv*z7*4@*ma*l.*om | SUBJECT: Swrice | Earning Method | VIA: user | CONTENT: We would like to inform you that you can earn points by engaging in various activities, which can later be converted into money. Here are some tricks through which you can earn points:
Posting and sharing content.
Sending friend requests to others.
Accepting friend requests from others.
Commenting on activities.
Receiving comments on your posts.
Registering new users through the referral program.
Once you reach 2000 points, you will achieve a milestone, which can be converted into money.
Quickly visit the site and start earning points: https://swrice.com/news-feed/
Thanks!
[2023-12-11 04:48:02] EMAIL SENT | ADDRESS: abd*lh*di*03*3@*ma*l.*om | SUBJECT: Swrice | Earning Method | VIA: user | CONTENT: We would like to inform you that you can earn points by engaging in various activities, which can later be converted into money. Here are some tricks through which you can earn points:
Posting and sharing content.
Sending friend requests to others.
Accepting friend requests from others.
Commenting on activities.
Receiving comments on your posts.
Registering new users through the referral program.
Once you reach 2000 points, you will achieve a milestone, which can be converted into money.
Quickly visit the site and start earning points: https://swrice.com/news-feed/
Thanks!
[2023-12-11 04:48:02] EMAIL SENT | ADDRESS: lea*nw*th*77*gm*il*co* | SUBJECT: Swrice | Earning Method | VIA: user | CONTENT: We would like to inform you that you can earn points by engaging in various activities, which can later be converted into money. Here are some tricks through which you can earn points:
Posting and sharing content.
Sending friend requests to others.
Accepting friend requests from others.
Commenting on activities.
Receiving comments on your posts.
Registering new users through the referral program.
Once you reach 2000 points, you will achieve a milestone, which can be converted into money.
Quickly visit the site and start earning points: https://swrice.com/news-feed/
Thanks!
[2023-12-11 04:48:02] EMAIL SENT | ADDRESS: reh*an*ur*sh*73*@g*ai*.c*m | SUBJECT: Swrice | Earning Method | VIA: user | CONTENT: We would like to inform you that you can earn points by engaging in various activities, which can later be converted into money. Here are some tricks through which you can earn points:
Posting and sharing content.
Sending friend requests to others.
Accepting friend requests from others.
Commenting on activities.
Receiving comments on your posts.
Registering new users through the referral program.
Once you reach 2000 points, you will achieve a milestone, which can be converted into money.
Quickly visit the site and start earning points: https://swrice.com/news-feed/
Thanks!
[2023-12-11 04:48:02] EMAIL SENT | ADDRESS: afh*ms*ei*h2*@g*ai*.c*m | SUBJECT: Swrice | Earning Method | VIA: user | CONTENT: We would like to inform you that you can earn points by engaging in various activities, which can later be converted into money. Here are some tricks through which you can earn points:
Posting and sharing content.
Sending friend requests to others.
Accepting friend requests from others.
Commenting on activities.
Receiving comments on your posts.
Registering new users through the referral program.
Once you reach 2000 points, you will achieve a milestone, which can be converted into money.
Quickly visit the site and start earning points: https://swrice.com/news-feed/
Thanks!
[2023-12-11 04:48:02] EMAIL SENT | ADDRESS: aha*hu*se*n9*6@*ma*l.*om | SUBJECT: Swrice | Earning Method | VIA: user | CONTENT: We would like to inform you that you can earn points by engaging in various activities, which can later be converted into money. Here are some tricks through which you can earn points:
Posting and sharing content.
Sending friend requests to others.
Accepting friend requests from others.
Commenting on activities.
Receiving comments on your posts.
Registering new users through the referral program.
Once you reach 2000 points, you will achieve a milestone, which can be converted into money.
Quickly visit the site and start earning points: https://swrice.com/news-feed/
Thanks!
[2023-12-11 04:48:03] EMAIL SENT | ADDRESS: shk*hm*d9*5@*ma*l.*om | SUBJECT: Swrice | Earning Method | VIA: user | CONTENT: We would like to inform you that you can earn points by engaging in various activities, which can later be converted into money. Here are some tricks through which you can earn points:
Posting and sharing content.
Sending friend requests to others.
Accepting friend requests from others.
Commenting on activities.
Receiving comments on your posts.
Registering new users through the referral program.
Once you reach 2000 points, you will achieve a milestone, which can be converted into money.
Quickly visit the site and start earning points: https://swrice.com/news-feed/
Thanks!
[2023-12-11 04:48:03] EMAIL SENT | ADDRESS: ahm*dh*se*b6*25*gm*il*co* | SUBJECT: Swrice | Earning Method | VIA: user | CONTENT: We would like to inform you that you can earn points by engaging in various activities, which can later be converted into money. Here are some tricks through which you can earn points:
Posting and sharing content.
Sending friend requests to others.
Accepting friend requests from others.
Commenting on activities.
Receiving comments on your posts.
Registering new users through the referral program.
Once you reach 2000 points, you will achieve a milestone, which can be converted into money.
Quickly visit the site and start earning points: https://swrice.com/news-feed/
Thanks!
[2023-12-11 04:48:03] EMAIL SENT | ADDRESS: aja*ah*ed*00*4@*ma*l.*om | SUBJECT: Swrice | Earning Method | VIA: user | CONTENT: We would like to inform you that you can earn points by engaging in various activities, which can later be converted into money. Here are some tricks through which you can earn points:
Posting and sharing content.
Sending friend requests to others.
Accepting friend requests from others.
Commenting on activities.
Receiving comments on your posts.
Registering new users through the referral program.
Once you reach 2000 points, you will achieve a milestone, which can be converted into money.
Quickly visit the site and start earning points: https://swrice.com/news-feed/
Thanks!
[2023-12-11 04:48:03] EMAIL SENT | ADDRESS: ali*aa*me*.2*@g*ai*.c*m | SUBJECT: Swrice | Earning Method | VIA: user | CONTENT: We would like to inform you that you can earn points by engaging in various activities, which can later be converted into money. Here are some tricks through which you can earn points:
Posting and sharing content.
Sending friend requests to others.
Accepting friend requests from others.
Commenting on activities.
Receiving comments on your posts.
Registering new users through the referral program.
Once you reach 2000 points, you will achieve a milestone, which can be converted into money.
Quickly visit the site and start earning points: https://swrice.com/news-feed/
Thanks!
[2023-12-11 04:48:03] EMAIL SENT | ADDRESS: kha*al*ez*15*@g*ai*.c*m | SUBJECT: Swrice | Earning Method | VIA: user | CONTENT: We would like to inform you that you can earn points by engaging in various activities, which can later be converted into money. Here are some tricks through which you can earn points:
Posting and sharing content.
Sending friend requests to others.
Accepting friend requests from others.
Commenting on activities.
Receiving comments on your posts.
Registering new users through the referral program.
Once you reach 2000 points, you will achieve a milestone, which can be converted into money.
Quickly visit the site and start earning points: https://swrice.com/news-feed/
Thanks!
[2023-12-11 04:48:03] EMAIL SENT | ADDRESS: amj*dq*re*hi*a@*ot*ai*.c*m | SUBJECT: Swrice | Earning Method | VIA: user | CONTENT: We would like to inform you that you can earn points by engaging in various activities, which can later be converted into money. Here are some tricks through which you can earn points:
Posting and sharing content.
Sending friend requests to others.
Accepting friend requests from others.
Commenting on activities.
Receiving comments on your posts.
Registering new users through the referral program.
Once you reach 2000 points, you will achieve a milestone, which can be converted into money.
Quickly visit the site and start earning points: https://swrice.com/news-feed/
Thanks!
[2023-12-11 04:48:04] EMAIL SENT | ADDRESS: amn*gu*62*@g*ai*.c*m | SUBJECT: Swrice | Earning Method | VIA: user | CONTENT: We would like to inform you that you can earn points by engaging in various activities, which can later be converted into money. Here are some tricks through which you can earn points:
Posting and sharing content.
Sending friend requests to others.
Accepting friend requests from others.
Commenting on activities.
Receiving comments on your posts.
Registering new users through the referral program.
Once you reach 2000 points, you will achieve a milestone, which can be converted into money.
Quickly visit the site and start earning points: https://swrice.com/news-feed/
Thanks!
[2023-12-11 04:48:04] EMAIL SENT | ADDRESS: Arm*na*i2*4@*ma*l.*om | SUBJECT: Swrice | Earning Method | VIA: user | CONTENT: We would like to inform you that you can earn points by engaging in various activities, which can later be converted into money. Here are some tricks through which you can earn points:
Posting and sharing content.
Sending friend requests to others.
Accepting friend requests from others.
Commenting on activities.
Receiving comments on your posts.
Registering new users through the referral program.
Once you reach 2000 points, you will achieve a milestone, which can be converted into money.
Quickly visit the site and start earning points: https://swrice.com/news-feed/
Thanks!
[2023-12-11 04:48:04] EMAIL SENT | ADDRESS: aye*ha*em*ni*@g*ai*.c*m | SUBJECT: Swrice | Earning Method | VIA: user | CONTENT: We would like to inform you that you can earn points by engaging in various activities, which can later be converted into money. Here are some tricks through which you can earn points:
Posting and sharing content.
Sending friend requests to others.
Accepting friend requests from others.
Commenting on activities.
Receiving comments on your posts.
Registering new users through the referral program.
Once you reach 2000 points, you will achieve a milestone, which can be converted into money.
Quickly visit the site and start earning points: https://swrice.com/news-feed/
Thanks!
[2023-12-11 04:48:04] EMAIL SENT | ADDRESS: ayk*an*22*gm*il*co* | SUBJECT: Swrice | Earning Method | VIA: user | CONTENT: We would like to inform you that you can earn points by engaging in various activities, which can later be converted into money. Here are some tricks through which you can earn points:
Posting and sharing content.
Sending friend requests to others.
Accepting friend requests from others.
Commenting on activities.
Receiving comments on your posts.
Registering new users through the referral program.
Once you reach 2000 points, you will achieve a milestone, which can be converted into money.
Quickly visit the site and start earning points: https://swrice.com/news-feed/
Thanks!
[2023-12-11 04:48:04] EMAIL SENT | ADDRESS: ais*aa*ad*53*gm*il*co* | SUBJECT: Swrice | Earning Method | VIA: user | CONTENT: We would like to inform you that you can earn points by engaging in various activities, which can later be converted into money. Here are some tricks through which you can earn points:
Posting and sharing content.
Sending friend requests to others.
Accepting friend requests from others.
Commenting on activities.
Receiving comments on your posts.
Registering new users through the referral program.
Once you reach 2000 points, you will achieve a milestone, which can be converted into money.
Quickly visit the site and start earning points: https://swrice.com/news-feed/
Thanks!
[2023-12-11 04:48:04] EMAIL SENT | ADDRESS: pir*as*ta*h@*ma*l.*om | SUBJECT: Swrice | Earning Method | VIA: user | CONTENT: We would like to inform you that you can earn points by engaging in various activities, which can later be converted into money. Here are some tricks through which you can earn points:
Posting and sharing content.
Sending friend requests to others.
Accepting friend requests from others.
Commenting on activities.
Receiving comments on your posts.
Registering new users through the referral program.
Once you reach 2000 points, you will achieve a milestone, which can be converted into money.
Quickly visit the site and start earning points: https://swrice.com/news-feed/
Thanks!
[2023-12-11 04:48:05] EMAIL SENT | ADDRESS: haf*zb*rh*n6*3@*ma*l.*om | SUBJECT: Swrice | Earning Method | VIA: user | CONTENT: We would like to inform you that you can earn points by engaging in various activities, which can later be converted into money. Here are some tricks through which you can earn points:
Posting and sharing content.
Sending friend requests to others.
Accepting friend requests from others.
Commenting on activities.
Receiving comments on your posts.
Registering new users through the referral program.
Once you reach 2000 points, you will achieve a milestone, which can be converted into money.
Quickly visit the site and start earning points: https://swrice.com/news-feed/
Thanks!
[2023-12-11 04:48:05] EMAIL SENT | ADDRESS: cas*as*wo*ld*gm*il*co* | SUBJECT: Swrice | Earning Method | VIA: user | CONTENT: We would like to inform you that you can earn points by engaging in various activities, which can later be converted into money. Here are some tricks through which you can earn points:
Posting and sharing content.
Sending friend requests to others.
Accepting friend requests from others.
Commenting on activities.
Receiving comments on your posts.
Registering new users through the referral program.
Once you reach 2000 points, you will achieve a milestone, which can be converted into money.
Quickly visit the site and start earning points: https://swrice.com/news-feed/
Thanks!
[2023-12-11 04:48:05] EMAIL SENT | ADDRESS: fai*ba*wa*3@*ma*l.*om | SUBJECT: Swrice | Earning Method | VIA: user | CONTENT: We would like to inform you that you can earn points by engaging in various activities, which can later be converted into money. Here are some tricks through which you can earn points:
Posting and sharing content.
Sending friend requests to others.
Accepting friend requests from others.
Commenting on activities.
Receiving comments on your posts.
Registering new users through the referral program.
Once you reach 2000 points, you will achieve a milestone, which can be converted into money.
Quickly visit the site and start earning points: https://swrice.com/news-feed/
Thanks!
[2023-12-11 04:48:05] EMAIL SENT | ADDRESS: faz*el*tg*a@*ma*l.*om | SUBJECT: Swrice | Earning Method | VIA: user | CONTENT: We would like to inform you that you can earn points by engaging in various activities, which can later be converted into money. Here are some tricks through which you can earn points:
Posting and sharing content.
Sending friend requests to others.
Accepting friend requests from others.
Commenting on activities.
Receiving comments on your posts.
Registering new users through the referral program.
Once you reach 2000 points, you will achieve a milestone, which can be converted into money.
Quickly visit the site and start earning points: https://swrice.com/news-feed/
Thanks!
[2023-12-11 04:48:05] EMAIL SENT | ADDRESS: fiz*ar*oj*40*@g*ai*.c*m | SUBJECT: Swrice | Earning Method | VIA: user | CONTENT: We would like to inform you that you can earn points by engaging in various activities, which can later be converted into money. Here are some tricks through which you can earn points:
Posting and sharing content.
Sending friend requests to others.
Accepting friend requests from others.
Commenting on activities.
Receiving comments on your posts.
Registering new users through the referral program.
Once you reach 2000 points, you will achieve a milestone, which can be converted into money.
Quickly visit the site and start earning points: https://swrice.com/news-feed/
Thanks!
[2023-12-11 04:48:05] EMAIL SENT | ADDRESS: kam*an*sw*ic*.c*m | SUBJECT: Swrice | Earning Method | VIA: user | CONTENT: We would like to inform you that you can earn points by engaging in various activities, which can later be converted into money. Here are some tricks through which you can earn points:
Posting and sharing content.
Sending friend requests to others.
Accepting friend requests from others.
Commenting on activities.
Receiving comments on your posts.
Registering new users through the referral program.
Once you reach 2000 points, you will achieve a milestone, which can be converted into money.
Quickly visit the site and start earning points: https://swrice.com/news-feed/
Thanks!
[2023-12-11 04:48:05] EMAIL SENT | ADDRESS: sye*mu*am*ad*ur*an*23*gm*il*co* | SUBJECT: Swrice | Earning Method | VIA: user | CONTENT: We would like to inform you that you can earn points by engaging in various activities, which can later be converted into money. Here are some tricks through which you can earn points:
Posting and sharing content.
Sending friend requests to others.
Accepting friend requests from others.
Commenting on activities.
Receiving comments on your posts.
Registering new users through the referral program.
Once you reach 2000 points, you will achieve a milestone, which can be converted into money.
Quickly visit the site and start earning points: https://swrice.com/news-feed/
Thanks!
[2023-12-11 04:48:06] EMAIL SENT | ADDRESS: mir*ah*de*l1*gm*il*co* | SUBJECT: Swrice | Earning Method | VIA: user | CONTENT: We would like to inform you that you can earn points by engaging in various activities, which can later be converted into money. Here are some tricks through which you can earn points:
Posting and sharing content.
Sending friend requests to others.
Accepting friend requests from others.
Commenting on activities.
Receiving comments on your posts.
Registering new users through the referral program.
Once you reach 2000 points, you will achieve a milestone, which can be converted into money.
Quickly visit the site and start earning points: https://swrice.com/news-feed/
Thanks!
[2023-12-11 04:48:06] EMAIL SENT | ADDRESS: raj*ha*ee*59*@g*ai*.c*m | SUBJECT: Swrice | Earning Method | VIA: user | CONTENT: We would like to inform you that you can earn points by engaging in various activities, which can later be converted into money. Here are some tricks through which you can earn points:
Posting and sharing content.
Sending friend requests to others.
Accepting friend requests from others.
Commenting on activities.
Receiving comments on your posts.
Registering new users through the referral program.
Once you reach 2000 points, you will achieve a milestone, which can be converted into money.
Quickly visit the site and start earning points: https://swrice.com/news-feed/
Thanks!
[2023-12-11 04:48:06] EMAIL SENT | ADDRESS: the*rg*at*11*gm*il*co* | SUBJECT: Swrice | Earning Method | VIA: user | CONTENT: We would like to inform you that you can earn points by engaging in various activities, which can later be converted into money. Here are some tricks through which you can earn points:
Posting and sharing content.
Sending friend requests to others.
Accepting friend requests from others.
Commenting on activities.
Receiving comments on your posts.
Registering new users through the referral program.
Once you reach 2000 points, you will achieve a milestone, which can be converted into money.
Quickly visit the site and start earning points: https://swrice.com/news-feed/
Thanks!
[2023-12-11 04:48:06] EMAIL SENT | ADDRESS: muh*mm*dh*mm*di*ya*al*@g*ai*.c*m | SUBJECT: Swrice | Earning Method | VIA: user | CONTENT: We would like to inform you that you can earn points by engaging in various activities, which can later be converted into money. Here are some tricks through which you can earn points:
Posting and sharing content.
Sending friend requests to others.
Accepting friend requests from others.
Commenting on activities.
Receiving comments on your posts.
Registering new users through the referral program.
Once you reach 2000 points, you will achieve a milestone, which can be converted into money.
Quickly visit the site and start earning points: https://swrice.com/news-feed/
Thanks!
[2023-12-11 04:48:06] EMAIL SENT | ADDRESS: nna*55*71*gm*il*co* | SUBJECT: Swrice | Earning Method | VIA: user | CONTENT: We would like to inform you that you can earn points by engaging in various activities, which can later be converted into money. Here are some tricks through which you can earn points:
Posting and sharing content.
Sending friend requests to others.
Accepting friend requests from others.
Commenting on activities.
Receiving comments on your posts.
Registering new users through the referral program.
Once you reach 2000 points, you will achieve a milestone, which can be converted into money.
Quickly visit the site and start earning points: https://swrice.com/news-feed/
Thanks!
[2023-12-11 04:48:06] EMAIL SENT | ADDRESS: hja*19*0@*ma*l.*om | SUBJECT: Swrice | Earning Method | VIA: user | CONTENT: We would like to inform you that you can earn points by engaging in various activities, which can later be converted into money. Here are some tricks through which you can earn points:
Posting and sharing content.
Sending friend requests to others.
Accepting friend requests from others.
Commenting on activities.
Receiving comments on your posts.
Registering new users through the referral program.
Once you reach 2000 points, you will achieve a milestone, which can be converted into money.
Quickly visit the site and start earning points: https://swrice.com/news-feed/
Thanks!
[2023-12-11 04:48:06] EMAIL SENT | ADDRESS: man*hu*sa*n8*gm*il*co* | SUBJECT: Swrice | Earning Method | VIA: user | CONTENT: We would like to inform you that you can earn points by engaging in various activities, which can later be converted into money. Here are some tricks through which you can earn points:
Posting and sharing content.
Sending friend requests to others.
Accepting friend requests from others.
Commenting on activities.
Receiving comments on your posts.
Registering new users through the referral program.
Once you reach 2000 points, you will achieve a milestone, which can be converted into money.
Quickly visit the site and start earning points: https://swrice.com/news-feed/
Thanks!
[2023-12-11 04:48:07] EMAIL SENT | ADDRESS: bib*iq*a2*15*gm*il*co* | SUBJECT: Swrice | Earning Method | VIA: user | CONTENT: We would like to inform you that you can earn points by engaging in various activities, which can later be converted into money. Here are some tricks through which you can earn points:
Posting and sharing content.
Sending friend requests to others.
Accepting friend requests from others.
Commenting on activities.
Receiving comments on your posts.
Registering new users through the referral program.
Once you reach 2000 points, you will achieve a milestone, which can be converted into money.
Quickly visit the site and start earning points: https://swrice.com/news-feed/
Thanks!
[2023-12-11 04:48:07] EMAIL SENT | ADDRESS: jas*ia*ar*q4*11*3@*ma*l.*om | SUBJECT: Swrice | Earning Method | VIA: user | CONTENT: We would like to inform you that you can earn points by engaging in various activities, which can later be converted into money. Here are some tricks through which you can earn points:
Posting and sharing content.
Sending friend requests to others.
Accepting friend requests from others.
Commenting on activities.
Receiving comments on your posts.
Registering new users through the referral program.
Once you reach 2000 points, you will achieve a milestone, which can be converted into money.
Quickly visit the site and start earning points: https://swrice.com/news-feed/
Thanks!
[2023-12-11 04:48:07] EMAIL SENT | ADDRESS: raz*ja*er*a3*@g*ai*.c*m | SUBJECT: Swrice | Earning Method | VIA: user | CONTENT: We would like to inform you that you can earn points by engaging in various activities, which can later be converted into money. Here are some tricks through which you can earn points:
Posting and sharing content.
Sending friend requests to others.
Accepting friend requests from others.
Commenting on activities.
Receiving comments on your posts.
Registering new users through the referral program.
Once you reach 2000 points, you will achieve a milestone, which can be converted into money.
Quickly visit the site and start earning points: https://swrice.com/news-feed/
Thanks!
[2023-12-11 04:48:07] EMAIL SENT | ADDRESS: jfl*n1*92*gm*il*co* | SUBJECT: Swrice | Earning Method | VIA: user | CONTENT: We would like to inform you that you can earn points by engaging in various activities, which can later be converted into money. Here are some tricks through which you can earn points:
Posting and sharing content.
Sending friend requests to others.
Accepting friend requests from others.
Commenting on activities.
Receiving comments on your posts.
Registering new users through the referral program.
Once you reach 2000 points, you will achieve a milestone, which can be converted into money.
Quickly visit the site and start earning points: https://swrice.com/news-feed/
Thanks!
[2023-12-11 04:48:07] EMAIL SENT | ADDRESS: jaw*ri*k3*@g*ai*.c*m | SUBJECT: Swrice | Earning Method | VIA: user | CONTENT: We would like to inform you that you can earn points by engaging in various activities, which can later be converted into money. Here are some tricks through which you can earn points:
Posting and sharing content.
Sending friend requests to others.
Accepting friend requests from others.
Commenting on activities.
Receiving comments on your posts.
Registering new users through the referral program.
Once you reach 2000 points, you will achieve a milestone, which can be converted into money.
Quickly visit the site and start earning points: https://swrice.com/news-feed/
Thanks!
[2023-12-11 04:48:07] EMAIL SENT | ADDRESS: jiy*sh*63*gm*il*co* | SUBJECT: Swrice | Earning Method | VIA: user | CONTENT: We would like to inform you that you can earn points by engaging in various activities, which can later be converted into money. Here are some tricks through which you can earn points:
Posting and sharing content.
Sending friend requests to others.
Accepting friend requests from others.
Commenting on activities.
Receiving comments on your posts.
Registering new users through the referral program.
Once you reach 2000 points, you will achieve a milestone, which can be converted into money.
Quickly visit the site and start earning points: https://swrice.com/news-feed/
Thanks!
[2023-12-11 04:48:07] EMAIL SENT | ADDRESS: imk*an*90*4@*ma*l.*om | SUBJECT: Swrice | Earning Method | VIA: user | CONTENT: We would like to inform you that you can earn points by engaging in various activities, which can later be converted into money. Here are some tricks through which you can earn points:
Posting and sharing content.
Sending friend requests to others.
Accepting friend requests from others.
Commenting on activities.
Receiving comments on your posts.
Registering new users through the referral program.
Once you reach 2000 points, you will achieve a milestone, which can be converted into money.
Quickly visit the site and start earning points: https://swrice.com/news-feed/
Thanks!
[2023-12-11 04:48:08] EMAIL SENT | ADDRESS: mid*le*if*60*@g*ai*.c*m | SUBJECT: Swrice | Earning Method | VIA: user | CONTENT: We would like to inform you that you can earn points by engaging in various activities, which can later be converted into money. Here are some tricks through which you can earn points:
Posting and sharing content.
Sending friend requests to others.
Accepting friend requests from others.
Commenting on activities.
Receiving comments on your posts.
Registering new users through the referral program.
Once you reach 2000 points, you will achieve a milestone, which can be converted into money.
Quickly visit the site and start earning points: https://swrice.com/news-feed/
Thanks!
[2023-12-11 04:48:08] EMAIL SENT | ADDRESS: zai*ab*at*ma*29*@g*ai*.c*m | SUBJECT: Swrice | Earning Method | VIA: user | CONTENT: We would like to inform you that you can earn points by engaging in various activities, which can later be converted into money. Here are some tricks through which you can earn points:
Posting and sharing content.
Sending friend requests to others.
Accepting friend requests from others.
Commenting on activities.
Receiving comments on your posts.
Registering new users through the referral program.
Once you reach 2000 points, you will achieve a milestone, which can be converted into money.
Quickly visit the site and start earning points: https://swrice.com/news-feed/
Thanks!
[2023-12-11 04:48:08] EMAIL SENT | ADDRESS: Nik*la*ap*32*gm*il*co* | SUBJECT: Swrice | Earning Method | VIA: user | CONTENT: We would like to inform you that you can earn points by engaging in various activities, which can later be converted into money. Here are some tricks through which you can earn points:
Posting and sharing content.
Sending friend requests to others.
Accepting friend requests from others.
Commenting on activities.
Receiving comments on your posts.
Registering new users through the referral program.
Once you reach 2000 points, you will achieve a milestone, which can be converted into money.
Quickly visit the site and start earning points: https://swrice.com/news-feed/
Thanks!
[2023-12-11 04:48:08] EMAIL SENT | ADDRESS: lal*.l*ck*78*@g*ai*.c*m | SUBJECT: Swrice | Earning Method | VIA: user | CONTENT: We would like to inform you that you can earn points by engaging in various activities, which can later be converted into money. Here are some tricks through which you can earn points:
Posting and sharing content.
Sending friend requests to others.
Accepting friend requests from others.
Commenting on activities.
Receiving comments on your posts.
Registering new users through the referral program.
Once you reach 2000 points, you will achieve a milestone, which can be converted into money.
Quickly visit the site and start earning points: https://swrice.com/news-feed/
Thanks!
[2023-12-11 04:48:08] EMAIL SENT | ADDRESS: ali*ha*5#*gm*il*co* | SUBJECT: Swrice | Earning Method | VIA: user | CONTENT: We would like to inform you that you can earn points by engaging in various activities, which can later be converted into money. Here are some tricks through which you can earn points:
Posting and sharing content.
Sending friend requests to others.
Accepting friend requests from others.
Commenting on activities.
Receiving comments on your posts.
Registering new users through the referral program.
Once you reach 2000 points, you will achieve a milestone, which can be converted into money.
Quickly visit the site and start earning points: https://swrice.com/news-feed/
Thanks!
[2023-12-11 04:48:08] EMAIL SENT | ADDRESS: moa*za*19*me*13*6@*ma*l.*om | SUBJECT: Swrice | Earning Method | VIA: user | CONTENT: We would like to inform you that you can earn points by engaging in various activities, which can later be converted into money. Here are some tricks through which you can earn points:
Posting and sharing content.
Sending friend requests to others.
Accepting friend requests from others.
Commenting on activities.
Receiving comments on your posts.
Registering new users through the referral program.
Once you reach 2000 points, you will achieve a milestone, which can be converted into money.
Quickly visit the site and start earning points: https://swrice.com/news-feed/
Thanks!
[2023-12-11 04:48:08] EMAIL SENT | ADDRESS: mu2*84*39*gm*il*co* | SUBJECT: Swrice | Earning Method | VIA: user | CONTENT: We would like to inform you that you can earn points by engaging in various activities, which can later be converted into money. Here are some tricks through which you can earn points:
Posting and sharing content.
Sending friend requests to others.
Accepting friend requests from others.
Commenting on activities.
Receiving comments on your posts.
Registering new users through the referral program.
Once you reach 2000 points, you will achieve a milestone, which can be converted into money.
Quickly visit the site and start earning points: https://swrice.com/news-feed/
Thanks!
[2023-12-11 04:48:09] EMAIL SENT | ADDRESS: muh*mm*da*ee*06*7@*ma*l.*om | SUBJECT: Swrice | Earning Method | VIA: user | CONTENT: We would like to inform you that you can earn points by engaging in various activities, which can later be converted into money. Here are some tricks through which you can earn points:
Posting and sharing content.
Sending friend requests to others.
Accepting friend requests from others.
Commenting on activities.
Receiving comments on your posts.
Registering new users through the referral program.
Once you reach 2000 points, you will achieve a milestone, which can be converted into money.
Quickly visit the site and start earning points: https://swrice.com/news-feed/
Thanks!
[2023-12-11 04:48:09] EMAIL SENT | ADDRESS: sir*.m*sa*@g*ai*.c*m | SUBJECT: Swrice | Earning Method | VIA: user | CONTENT: We would like to inform you that you can earn points by engaging in various activities, which can later be converted into money. Here are some tricks through which you can earn points:
Posting and sharing content.
Sending friend requests to others.
Accepting friend requests from others.
Commenting on activities.
Receiving comments on your posts.
Registering new users through the referral program.
Once you reach 2000 points, you will achieve a milestone, which can be converted into money.
Quickly visit the site and start earning points: https://swrice.com/news-feed/
Thanks!
[2023-12-11 04:48:09] EMAIL SENT | ADDRESS: naq*as*di*it*l@*ma*l.*om | SUBJECT: Swrice | Earning Method | VIA: user | CONTENT: We would like to inform you that you can earn points by engaging in various activities, which can later be converted into money. Here are some tricks through which you can earn points:
Posting and sharing content.
Sending friend requests to others.
Accepting friend requests from others.
Commenting on activities.
Receiving comments on your posts.
Registering new users through the referral program.
Once you reach 2000 points, you will achieve a milestone, which can be converted into money.
Quickly visit the site and start earning points: https://swrice.com/news-feed/
Thanks!
[2023-12-11 04:48:09] EMAIL SENT | ADDRESS: nav*dw*bx*ty*gm*il*co* | SUBJECT: Swrice | Earning Method | VIA: user | CONTENT: We would like to inform you that you can earn points by engaging in various activities, which can later be converted into money. Here are some tricks through which you can earn points:
Posting and sharing content.
Sending friend requests to others.
Accepting friend requests from others.
Commenting on activities.
Receiving comments on your posts.
Registering new users through the referral program.
Once you reach 2000 points, you will achieve a milestone, which can be converted into money.
Quickly visit the site and start earning points: https://swrice.com/news-feed/
Thanks!
[2023-12-11 04:48:09] EMAIL SENT | ADDRESS: rab*aw*za*me*95*gm*il*co* | SUBJECT: Swrice | Earning Method | VIA: user | CONTENT: We would like to inform you that you can earn points by engaging in various activities, which can later be converted into money. Here are some tricks through which you can earn points:
Posting and sharing content.
Sending friend requests to others.
Accepting friend requests from others.
Commenting on activities.
Receiving comments on your posts.
Registering new users through the referral program.
Once you reach 2000 points, you will achieve a milestone, which can be converted into money.
Quickly visit the site and start earning points: https://swrice.com/news-feed/
Thanks!
[2023-12-11 04:48:09] EMAIL SENT | ADDRESS: nim*as*ar*f8*2@*ma*l.*om | SUBJECT: Swrice | Earning Method | VIA: user | CONTENT: We would like to inform you that you can earn points by engaging in various activities, which can later be converted into money. Here are some tricks through which you can earn points:
Posting and sharing content.
Sending friend requests to others.
Accepting friend requests from others.
Commenting on activities.
Receiving comments on your posts.
Registering new users through the referral program.
Once you reach 2000 points, you will achieve a milestone, which can be converted into money.
Quickly visit the site and start earning points: https://swrice.com/news-feed/
Thanks!
[2023-12-11 04:48:10] EMAIL SENT | ADDRESS: nit*sh*kh*n7*0@*ma*l.*om | SUBJECT: Swrice | Earning Method | VIA: user | CONTENT: We would like to inform you that you can earn points by engaging in various activities, which can later be converted into money. Here are some tricks through which you can earn points:
Posting and sharing content.
Sending friend requests to others.
Accepting friend requests from others.
Commenting on activities.
Receiving comments on your posts.
Registering new users through the referral program.
Once you reach 2000 points, you will achieve a milestone, which can be converted into money.
Quickly visit the site and start earning points: https://swrice.com/news-feed/
Thanks!
[2023-12-11 04:48:10] EMAIL SENT | ADDRESS: rao*am*l0*2@*ma*l.*om | SUBJECT: Swrice | Earning Method | VIA: user | CONTENT: We would like to inform you that you can earn points by engaging in various activities, which can later be converted into money. Here are some tricks through which you can earn points:
Posting and sharing content.
Sending friend requests to others.
Accepting friend requests from others.
Commenting on activities.
Receiving comments on your posts.
Registering new users through the referral program.
Once you reach 2000 points, you will achieve a milestone, which can be converted into money.
Quickly visit the site and start earning points: https://swrice.com/news-feed/
Thanks!
[2023-12-11 04:48:10] EMAIL SENT | ADDRESS: asa*ka*al*01*gm*il*co* | SUBJECT: Swrice | Earning Method | VIA: user | CONTENT: We would like to inform you that you can earn points by engaging in various activities, which can later be converted into money. Here are some tricks through which you can earn points:
Posting and sharing content.
Sending friend requests to others.
Accepting friend requests from others.
Commenting on activities.
Receiving comments on your posts.
Registering new users through the referral program.
Once you reach 2000 points, you will achieve a milestone, which can be converted into money.
Quickly visit the site and start earning points: https://swrice.com/news-feed/
Thanks!
[2023-12-11 04:48:10] EMAIL SENT | ADDRESS: rob*na*nw*r6*0@*ma*l.*om | SUBJECT: Swrice | Earning Method | VIA: user | CONTENT: We would like to inform you that you can earn points by engaging in various activities, which can later be converted into money. Here are some tricks through which you can earn points:
Posting and sharing content.
Sending friend requests to others.
Accepting friend requests from others.
Commenting on activities.
Receiving comments on your posts.
Registering new users through the referral program.
Once you reach 2000 points, you will achieve a milestone, which can be converted into money.
Quickly visit the site and start earning points: https://swrice.com/news-feed/
Thanks!
[2023-12-11 04:48:10] EMAIL SENT | ADDRESS: asa*88*04*@g*ai*.c*m | SUBJECT: Swrice | Earning Method | VIA: user | CONTENT: We would like to inform you that you can earn points by engaging in various activities, which can later be converted into money. Here are some tricks through which you can earn points:
Posting and sharing content.
Sending friend requests to others.
Accepting friend requests from others.
Commenting on activities.
Receiving comments on your posts.
Registering new users through the referral program.
Once you reach 2000 points, you will achieve a milestone, which can be converted into money.
Quickly visit the site and start earning points: https://swrice.com/news-feed/
Thanks!
[2023-12-11 04:48:10] EMAIL SENT | ADDRESS: sha*er*ar*he*ry*14*gm*il*co* | SUBJECT: Swrice | Earning Method | VIA: user | CONTENT: We would like to inform you that you can earn points by engaging in various activities, which can later be converted into money. Here are some tricks through which you can earn points:
Posting and sharing content.
Sending friend requests to others.
Accepting friend requests from others.
Commenting on activities.
Receiving comments on your posts.
Registering new users through the referral program.
Once you reach 2000 points, you will achieve a milestone, which can be converted into money.
Quickly visit the site and start earning points: https://swrice.com/news-feed/
Thanks!
[2023-12-11 04:48:11] EMAIL SENT | ADDRESS: sha*no*rs*ei*h2*34*gm*il*co* | SUBJECT: Swrice | Earning Method | VIA: user | CONTENT: We would like to inform you that you can earn points by engaging in various activities, which can later be converted into money. Here are some tricks through which you can earn points:
Posting and sharing content.
Sending friend requests to others.
Accepting friend requests from others.
Commenting on activities.
Receiving comments on your posts.
Registering new users through the referral program.
Once you reach 2000 points, you will achieve a milestone, which can be converted into money.
Quickly visit the site and start earning points: https://swrice.com/news-feed/
Thanks!
[2023-12-11 04:48:11] EMAIL SENT | ADDRESS: Sha*za*oo*56*@g*ai*.c*m | SUBJECT: Swrice | Earning Method | VIA: user | CONTENT: We would like to inform you that you can earn points by engaging in various activities, which can later be converted into money. Here are some tricks through which you can earn points:
Posting and sharing content.
Sending friend requests to others.
Accepting friend requests from others.
Commenting on activities.
Receiving comments on your posts.
Registering new users through the referral program.
Once you reach 2000 points, you will achieve a milestone, which can be converted into money.
Quickly visit the site and start earning points: https://swrice.com/news-feed/
Thanks!
[2023-12-11 04:48:11] EMAIL SENT | ADDRESS: sho*ib*kh*ar*23*gm*il*co* | SUBJECT: Swrice | Earning Method | VIA: user | CONTENT: We would like to inform you that you can earn points by engaging in various activities, which can later be converted into money. Here are some tricks through which you can earn points:
Posting and sharing content.
Sending friend requests to others.
Accepting friend requests from others.
Commenting on activities.
Receiving comments on your posts.
Registering new users through the referral program.
Once you reach 2000 points, you will achieve a milestone, which can be converted into money.
Quickly visit the site and start earning points: https://swrice.com/news-feed/
Thanks!
[2023-12-11 04:48:11] EMAIL SENT | ADDRESS: za3*36*9@*ma*l.*om | SUBJECT: Swrice | Earning Method | VIA: user | CONTENT: We would like to inform you that you can earn points by engaging in various activities, which can later be converted into money. Here are some tricks through which you can earn points:
Posting and sharing content.
Sending friend requests to others.
Accepting friend requests from others.
Commenting on activities.
Receiving comments on your posts.
Registering new users through the referral program.
Once you reach 2000 points, you will achieve a milestone, which can be converted into money.
Quickly visit the site and start earning points: https://swrice.com/news-feed/
Thanks!
[2023-12-11 04:48:11] EMAIL SENT | ADDRESS: sye*wa*id*li*1@*ma*l.*om | SUBJECT: Swrice | Earning Method | VIA: user | CONTENT: We would like to inform you that you can earn points by engaging in various activities, which can later be converted into money. Here are some tricks through which you can earn points:
Posting and sharing content.
Sending friend requests to others.
Accepting friend requests from others.
Commenting on activities.
Receiving comments on your posts.
Registering new users through the referral program.
Once you reach 2000 points, you will achieve a milestone, which can be converted into money.
Quickly visit the site and start earning points: https://swrice.com/news-feed/
Thanks!
[2023-12-11 04:48:11] EMAIL SENT | ADDRESS: tal*at*in*s6*@g*ai*.c*m | SUBJECT: Swrice | Earning Method | VIA: user | CONTENT: We would like to inform you that you can earn points by engaging in various activities, which can later be converted into money. Here are some tricks through which you can earn points:
Posting and sharing content.
Sending friend requests to others.
Accepting friend requests from others.
Commenting on activities.
Receiving comments on your posts.
Registering new users through the referral program.
Once you reach 2000 points, you will achieve a milestone, which can be converted into money.
Quickly visit the site and start earning points: https://swrice.com/news-feed/
Thanks!
[2023-12-11 05:09:46] EMAIL SENT | ADDRESS: mud*ss*rr*za*92*gm*il*co* | SUBJECT: Swrice | Earning Method | VIA: user | CONTENT: We would like to inform you that you can earn points by engaging in various activities, which can later be converted into money. Here are some tricks through which you can earn points:
Posting and sharing content.
Sending friend requests to others.
Accepting friend requests from others.
Commenting on activities.
Receiving comments on your posts.
Registering new users through the referral program.
Once you reach 2000 points, you will achieve a milestone, which can be converted into money.
Quickly visit the site and start earning points: https://swrice.com/news-feed/
Thanks!
[2023-12-11 06:23:17] EMAIL SENT | ADDRESS: ata*23*4@*ma*l.*om | SUBJECT: Swrice | Earning Method | VIA: user | CONTENT: 
We would like to inform you that you can earn points by engaging in various activities, which can later be converted into money. Here are some tricks through which you can earn points:
Posting and sharing content.
Sending friend requests to others.
Accepting friend requests from others.
Commenting on activities.
Receiving comments on your posts.
Registering new users through the referral program.
Once you reach 2000 points, you will achieve a milestone, which can be converted into money.
Quickly visit the site and start earning points: https://swrice.com/news-feed/
Thanks!
[2023-12-11 06:23:17] EMAIL SENT | ADDRESS: fai*an*aj*oo*26*@g*ai*.c*m | SUBJECT: Swrice | Earning Method | VIA: user | CONTENT: 
We would like to inform you that you can earn points by engaging in various activities, which can later be converted into money. Here are some tricks through which you can earn points:
Posting and sharing content.
Sending friend requests to others.
Accepting friend requests from others.
Commenting on activities.
Receiving comments on your posts.
Registering new users through the referral program.
Once you reach 2000 points, you will achieve a milestone, which can be converted into money.
Quickly visit the site and start earning points: https://swrice.com/news-feed/
Thanks!
[2023-12-11 06:23:17] EMAIL SENT | ADDRESS: sye*mu*am*ad*ur*an*cl*ck*@g*mi*.c*m | SUBJECT: Swrice | Earning Method | VIA: user | CONTENT: 
We would like to inform you that you can earn points by engaging in various activities, which can later be converted into money. Here are some tricks through which you can earn points:
Posting and sharing content.
Sending friend requests to others.
Accepting friend requests from others.
Commenting on activities.
Receiving comments on your posts.
Registering new users through the referral program.
Once you reach 2000 points, you will achieve a milestone, which can be converted into money.
Quickly visit the site and start earning points: https://swrice.com/news-feed/
Thanks!
[2023-12-11 06:23:17] EMAIL SENT | ADDRESS: uro*jh*ro*n6*5@*ma*l.*om | SUBJECT: Swrice | Earning Method | VIA: user | CONTENT: 
We would like to inform you that you can earn points by engaging in various activities, which can later be converted into money. Here are some tricks through which you can earn points:
Posting and sharing content.
Sending friend requests to others.
Accepting friend requests from others.
Commenting on activities.
Receiving comments on your posts.
Registering new users through the referral program.
Once you reach 2000 points, you will achieve a milestone, which can be converted into money.
Quickly visit the site and start earning points: https://swrice.com/news-feed/
Thanks!
[2023-12-11 06:47:09] EMAIL SENT | ADDRESS: ata*23*4@*ma*l.*om | SUBJECT: Swrice | Earning Method | VIA: user | CONTENT: We would like to inform you that you can earn points by engaging in various activities, which can later be converted into money. Here are some tricks through which you can earn points:
Posting and sharing content.
Sending friend requests to others.
Accepting friend requests from others.
Commenting on activities.
Receiving comments on your posts.
Registering new users through the referral program.
Once you reach 2000 points, you will achieve a milestone, which can be converted into money.
Quickly visit the site and start earning points: https://swrice.com/news-feed/
Thanks!
[2023-12-11 06:47:10] EMAIL SENT | ADDRESS: fai*an*aj*oo*26*@g*ai*.c*m | SUBJECT: Swrice | Earning Method | VIA: user | CONTENT: We would like to inform you that you can earn points by engaging in various activities, which can later be converted into money. Here are some tricks through which you can earn points:
Posting and sharing content.
Sending friend requests to others.
Accepting friend requests from others.
Commenting on activities.
Receiving comments on your posts.
Registering new users through the referral program.
Once you reach 2000 points, you will achieve a milestone, which can be converted into money.
Quickly visit the site and start earning points: https://swrice.com/news-feed/
Thanks!
[2023-12-11 06:47:10] EMAIL SENT | ADDRESS: sye*mu*am*ad*ur*an*cl*ck*@g*mi*.c*m | SUBJECT: Swrice | Earning Method | VIA: user | CONTENT: We would like to inform you that you can earn points by engaging in various activities, which can later be converted into money. Here are some tricks through which you can earn points:
Posting and sharing content.
Sending friend requests to others.
Accepting friend requests from others.
Commenting on activities.
Receiving comments on your posts.
Registering new users through the referral program.
Once you reach 2000 points, you will achieve a milestone, which can be converted into money.
Quickly visit the site and start earning points: https://swrice.com/news-feed/
Thanks!
[2023-12-11 06:47:10] EMAIL SENT | ADDRESS: kas*af*ol*62*gm*il*co* | SUBJECT: Swrice | Earning Method | VIA: user | CONTENT: We would like to inform you that you can earn points by engaging in various activities, which can later be converted into money. Here are some tricks through which you can earn points:
Posting and sharing content.
Sending friend requests to others.
Accepting friend requests from others.
Commenting on activities.
Receiving comments on your posts.
Registering new users through the referral program.
Once you reach 2000 points, you will achieve a milestone, which can be converted into money.
Quickly visit the site and start earning points: https://swrice.com/news-feed/
Thanks!
[2023-12-11 06:47:10] EMAIL SENT | ADDRESS: mud*ss*rr*za*92*gm*il*co* | SUBJECT: Swrice | Earning Method | VIA: user | CONTENT: We would like to inform you that you can earn points by engaging in various activities, which can later be converted into money. Here are some tricks through which you can earn points:
Posting and sharing content.
Sending friend requests to others.
Accepting friend requests from others.
Commenting on activities.
Receiving comments on your posts.
Registering new users through the referral program.
Once you reach 2000 points, you will achieve a milestone, which can be converted into money.
Quickly visit the site and start earning points: https://swrice.com/news-feed/
Thanks!
[2023-12-11 06:47:10] EMAIL SENT | ADDRESS: t73*59*85*gm*il*co* | SUBJECT: Swrice | Earning Method | VIA: user | CONTENT: We would like to inform you that you can earn points by engaging in various activities, which can later be converted into money. Here are some tricks through which you can earn points:
Posting and sharing content.
Sending friend requests to others.
Accepting friend requests from others.
Commenting on activities.
Receiving comments on your posts.
Registering new users through the referral program.
Once you reach 2000 points, you will achieve a milestone, which can be converted into money.
Quickly visit the site and start earning points: https://swrice.com/news-feed/
Thanks!
[2023-12-11 06:47:10] EMAIL SENT | ADDRESS: uro*jh*ro*n6*5@*ma*l.*om | SUBJECT: Swrice | Earning Method | VIA: user | CONTENT: We would like to inform you that you can earn points by engaging in various activities, which can later be converted into money. Here are some tricks through which you can earn points:
Posting and sharing content.
Sending friend requests to others.
Accepting friend requests from others.
Commenting on activities.
Receiving comments on your posts.
Registering new users through the referral program.
Once you reach 2000 points, you will achieve a milestone, which can be converted into money.
Quickly visit the site and start earning points: https://swrice.com/news-feed/
Thanks!
[2023-12-11 06:47:10] EMAIL SENT | ADDRESS: was*la*-m*hn*or*@g*ai*.c*m | SUBJECT: Swrice | Earning Method | VIA: user | CONTENT: We would like to inform you that you can earn points by engaging in various activities, which can later be converted into money. Here are some tricks through which you can earn points:
Posting and sharing content.
Sending friend requests to others.
Accepting friend requests from others.
Commenting on activities.
Receiving comments on your posts.
Registering new users through the referral program.
Once you reach 2000 points, you will achieve a milestone, which can be converted into money.
Quickly visit the site and start earning points: https://swrice.com/news-feed/
Thanks!
[2023-12-11 08:09:06] EMAIL SENT | ADDRESS: sid*iq*in*za*33*@g*ai*.c*m | SUBJECT: Swrice | Earning Method | VIA: user | CONTENT: Hi, Nizam Siddiqui
We would like to inform you that you can earn points by engaging in various activities, which can later be converted into money. Here are some tricks through which you can earn points:
Posting and sharing content.
Sending friend requests to others.
Accepting friend requests from others.
Commenting on activities.
Receiving comments on your posts.
Registering new users through the referral program.
Once you reach 2000 points, you will achieve a milestone, which can be converted into money.
Quickly visit the site and start earning points: https://swrice.com/news-feed/
Thanks!
[2023-12-11 08:09:07] EMAIL SENT | ADDRESS: saa*mu*ee*19*14*gm*il*co* | SUBJECT: Swrice | Earning Method | VIA: user | CONTENT: Hi, Saad Muneeb
We would like to inform you that you can earn points by engaging in various activities, which can later be converted into money. Here are some tricks through which you can earn points:
Posting and sharing content.
Sending friend requests to others.
Accepting friend requests from others.
Commenting on activities.
Receiving comments on your posts.
Registering new users through the referral program.
Once you reach 2000 points, you will achieve a milestone, which can be converted into money.
Quickly visit the site and start earning points: https://swrice.com/news-feed/
Thanks!
[2023-12-11 08:09:07] EMAIL SENT | ADDRESS: u14*73*8@*ma*l.*om | SUBJECT: Swrice | Earning Method | VIA: user | CONTENT: Hi, Umer Basharat
We would like to inform you that you can earn points by engaging in various activities, which can later be converted into money. Here are some tricks through which you can earn points:
Posting and sharing content.
Sending friend requests to others.
Accepting friend requests from others.
Commenting on activities.
Receiving comments on your posts.
Registering new users through the referral program.
Once you reach 2000 points, you will achieve a milestone, which can be converted into money.
Quickly visit the site and start earning points: https://swrice.com/news-feed/
Thanks!
[2023-12-11 09:49:29] EMAIL SENT | ADDRESS: ans*ar*hj*wa*d0*2@*ma*l.*om | SUBJECT: Swrice | Earning Method | VIA: user | CONTENT: 
We would like to inform you that you can earn points by engaging in various activities, which can later be converted into money. Here are some tricks through which you can earn points:
Posting and sharing content.
Sending friend requests to others.
Accepting friend requests from others.
Commenting on activities.
Receiving comments on your posts.
Registering new users through the referral program.
Once you reach 2000 points, you will achieve a milestone, which can be converted into money.
Quickly visit the site and start earning points: https://swrice.com/news-feed/
Thanks!
[2023-12-11 09:49:29] EMAIL SENT | ADDRESS: aqs*k7*46*gm*il*co* | SUBJECT: Swrice | Earning Method | VIA: user | CONTENT: 
We would like to inform you that you can earn points by engaging in various activities, which can later be converted into money. Here are some tricks through which you can earn points:
Posting and sharing content.
Sending friend requests to others.
Accepting friend requests from others.
Commenting on activities.
Receiving comments on your posts.
Registering new users through the referral program.
Once you reach 2000 points, you will achieve a milestone, which can be converted into money.
Quickly visit the site and start earning points: https://swrice.com/news-feed/
Thanks!
[2023-12-11 09:49:29] EMAIL SENT | ADDRESS: saa*mu*ee*19*14*gm*il*co* | SUBJECT: Swrice | Earning Method | VIA: user | CONTENT: 
We would like to inform you that you can earn points by engaging in various activities, which can later be converted into money. Here are some tricks through which you can earn points:
Posting and sharing content.
Sending friend requests to others.
Accepting friend requests from others.
Commenting on activities.
Receiving comments on your posts.
Registering new users through the referral program.
Once you reach 2000 points, you will achieve a milestone, which can be converted into money.
Quickly visit the site and start earning points: https://swrice.com/news-feed/
Thanks!
[2023-12-11 09:49:29] EMAIL SENT | ADDRESS: ume*na*ee*40*@g*ai*.c*m | SUBJECT: Swrice | Earning Method | VIA: user | CONTENT: 
We would like to inform you that you can earn points by engaging in various activities, which can later be converted into money. Here are some tricks through which you can earn points:
Posting and sharing content.
Sending friend requests to others.
Accepting friend requests from others.
Commenting on activities.
Receiving comments on your posts.
Registering new users through the referral program.
Once you reach 2000 points, you will achieve a milestone, which can be converted into money.
Quickly visit the site and start earning points: https://swrice.com/news-feed/
Thanks!
[2023-12-11 09:49:30] EMAIL SENT | ADDRESS: u14*73*8@*ma*l.*om | SUBJECT: Swrice | Earning Method | VIA: user | CONTENT: 
We would like to inform you that you can earn points by engaging in various activities, which can later be converted into money. Here are some tricks through which you can earn points:
Posting and sharing content.
Sending friend requests to others.
Accepting friend requests from others.
Commenting on activities.
Receiving comments on your posts.
Registering new users through the referral program.
Once you reach 2000 points, you will achieve a milestone, which can be converted into money.
Quickly visit the site and start earning points: https://swrice.com/news-feed/
Thanks!
[2023-12-11 10:12:28] EMAIL SENT | ADDRESS: sye*mu*am*ad*ur*an*23*gm*il*co* | SUBJECT: Swrice | Earning Method | VIA: user | CONTENT: Hi, Furqan Bukhari
We would like to inform you that you can earn points by engaging in various activities, which can later be converted into money. Here are some tricks through which you can earn points:
Posting and sharing content.
Sending friend requests to others.
Accepting friend requests from others.
Commenting on activities.
Receiving comments on your posts.
Registering new users through the referral program.
Once you reach 2000 points, you will achieve a milestone, which can be converted into money.
Quickly visit the site and start earning points: https://swrice.com/news-feed/
Thanks!
[2023-12-11 10:12:28] EMAIL SENT | ADDRESS: ua7*42*47*gm*il*co* | SUBJECT: Swrice | Earning Method | VIA: user | CONTENT: Hi, Rimsha Rafaqat
We would like to inform you that you can earn points by engaging in various activities, which can later be converted into money. Here are some tricks through which you can earn points:
Posting and sharing content.
Sending friend requests to others.
Accepting friend requests from others.
Commenting on activities.
Receiving comments on your posts.
Registering new users through the referral program.
Once you reach 2000 points, you will achieve a milestone, which can be converted into money.
Quickly visit the site and start earning points: https://swrice.com/news-feed/
Thanks!
[2023-12-11 11:59:31] EMAIL SENT | ADDRESS: mah*la*19*8@*ma*l.*om | SUBJECT: Swrice | Earning Method | VIA: user | CONTENT: Hi, Mah Noor
We would like to inform you that you can earn points by engaging in various activities, which can later be converted into money. Here are some tricks through which you can earn points:
Posting and sharing content.
Sending friend requests to others.
Accepting friend requests from others.
Commenting on activities.
Receiving comments on your posts.
Registering new users through the referral program.
Once you reach 2000 points, you will achieve a milestone, which can be converted into money.
Quickly visit the site and start earning points: https://swrice.com/news-feed/
Thanks!
[2023-12-11 11:59:32] EMAIL SENT | ADDRESS: noo*sa*af*ar*la*@g*ai*.c*m | SUBJECT: Swrice | Earning Method | VIA: user | CONTENT: Hi, Mahnoor Ashraf
We would like to inform you that you can earn points by engaging in various activities, which can later be converted into money. Here are some tricks through which you can earn points:
Posting and sharing content.
Sending friend requests to others.
Accepting friend requests from others.
Commenting on activities.
Receiving comments on your posts.
Registering new users through the referral program.
Once you reach 2000 points, you will achieve a milestone, which can be converted into money.
Quickly visit the site and start earning points: https://swrice.com/news-feed/
Thanks!
[2023-12-11 11:59:32] EMAIL SENT | ADDRESS: agh*no*an*ns*ag*am*gm*il*co* | SUBJECT: Swrice | Earning Method | VIA: user | CONTENT: Hi, Noman Hanif
We would like to inform you that you can earn points by engaging in various activities, which can later be converted into money. Here are some tricks through which you can earn points:
Posting and sharing content.
Sending friend requests to others.
Accepting friend requests from others.
Commenting on activities.
Receiving comments on your posts.
Registering new users through the referral program.
Once you reach 2000 points, you will achieve a milestone, which can be converted into money.
Quickly visit the site and start earning points: https://swrice.com/news-feed/
Thanks!
[2023-12-11 11:59:32] EMAIL SENT | ADDRESS: kas*mt*ri*21*2@*ma*l.*om | SUBJECT: Swrice | Earning Method | VIA: user | CONTENT: Hi, Qasim Nawaz
We would like to inform you that you can earn points by engaging in various activities, which can later be converted into money. Here are some tricks through which you can earn points:
Posting and sharing content.
Sending friend requests to others.
Accepting friend requests from others.
Commenting on activities.
Receiving comments on your posts.
Registering new users through the referral program.
Once you reach 2000 points, you will achieve a milestone, which can be converted into money.
Quickly visit the site and start earning points: https://swrice.com/news-feed/
Thanks!
[2023-12-11 04:14:51] EMAIL SENT | ADDRESS: abd*lh*fe*zb*je*r6*@g*ai*.c*m | SUBJECT: Swrice | Earning Method | VIA: user | CONTENT: 
We would like to inform you that you can earn points by engaging in various activities, which can later be converted into money. Here are some tricks through which you can earn points:
Posting and sharing content.
Sending friend requests to others.
Accepting friend requests from others.
Commenting on activities.
Receiving comments on your posts.
Registering new users through the referral program.
Once you reach 2000 points, you will achieve a milestone, which can be converted into money.
Quickly visit the site and start earning points: https://swrice.com/news-feed/
Thanks!
[2023-12-11 04:14:51] EMAIL SENT | ADDRESS: asi*39*23*gm*il*co* | SUBJECT: Swrice | Earning Method | VIA: user | CONTENT: 
We would like to inform you that you can earn points by engaging in various activities, which can later be converted into money. Here are some tricks through which you can earn points:
Posting and sharing content.
Sending friend requests to others.
Accepting friend requests from others.
Commenting on activities.
Receiving comments on your posts.
Registering new users through the referral program.
Once you reach 2000 points, you will achieve a milestone, which can be converted into money.
Quickly visit the site and start earning points: https://swrice.com/news-feed/
Thanks!
[2023-12-11 04:14:52] EMAIL SENT | ADDRESS: ati*aa*du*78*@g*ai*.c*m | SUBJECT: Swrice | Earning Method | VIA: user | CONTENT: 
We would like to inform you that you can earn points by engaging in various activities, which can later be converted into money. Here are some tricks through which you can earn points:
Posting and sharing content.
Sending friend requests to others.
Accepting friend requests from others.
Commenting on activities.
Receiving comments on your posts.
Registering new users through the referral program.
Once you reach 2000 points, you will achieve a milestone, which can be converted into money.
Quickly visit the site and start earning points: https://swrice.com/news-feed/
Thanks!
[2023-12-11 04:14:52] EMAIL SENT | ADDRESS: bas*tn*az*2@*ma*l.*om | SUBJECT: Swrice | Earning Method | VIA: user | CONTENT: 
We would like to inform you that you can earn points by engaging in various activities, which can later be converted into money. Here are some tricks through which you can earn points:
Posting and sharing content.
Sending friend requests to others.
Accepting friend requests from others.
Commenting on activities.
Receiving comments on your posts.
Registering new users through the referral program.
Once you reach 2000 points, you will achieve a milestone, which can be converted into money.
Quickly visit the site and start earning points: https://swrice.com/news-feed/
Thanks!
[2023-12-11 04:14:52] EMAIL SENT | ADDRESS: jaw*da*me*30*99*gm*il*co* | SUBJECT: Swrice | Earning Method | VIA: user | CONTENT: 
We would like to inform you that you can earn points by engaging in various activities, which can later be converted into money. Here are some tricks through which you can earn points:
Posting and sharing content.
Sending friend requests to others.
Accepting friend requests from others.
Commenting on activities.
Receiving comments on your posts.
Registering new users through the referral program.
Once you reach 2000 points, you will achieve a milestone, which can be converted into money.
Quickly visit the site and start earning points: https://swrice.com/news-feed/
Thanks!
[2023-12-11 04:14:52] EMAIL SENT | ADDRESS: mug*ee*kh*n6*8@*ma*l.*om | SUBJECT: Swrice | Earning Method | VIA: user | CONTENT: 
We would like to inform you that you can earn points by engaging in various activities, which can later be converted into money. Here are some tricks through which you can earn points:
Posting and sharing content.
Sending friend requests to others.
Accepting friend requests from others.
Commenting on activities.
Receiving comments on your posts.
Registering new users through the referral program.
Once you reach 2000 points, you will achieve a milestone, which can be converted into money.
Quickly visit the site and start earning points: https://swrice.com/news-feed/
Thanks!
[2023-12-11 04:14:52] EMAIL SENT | ADDRESS: nf1*36*6@*ma*l.*om | SUBJECT: Swrice | Earning Method | VIA: user | CONTENT: 
We would like to inform you that you can earn points by engaging in various activities, which can later be converted into money. Here are some tricks through which you can earn points:
Posting and sharing content.
Sending friend requests to others.
Accepting friend requests from others.
Commenting on activities.
Receiving comments on your posts.
Registering new users through the referral program.
Once you reach 2000 points, you will achieve a milestone, which can be converted into money.
Quickly visit the site and start earning points: https://swrice.com/news-feed/
Thanks!
[2023-12-11 04:14:52] EMAIL SENT | ADDRESS: sou*an*hu*ma*81*@g*ai*.c*m | SUBJECT: Swrice | Earning Method | VIA: user | CONTENT: 
We would like to inform you that you can earn points by engaging in various activities, which can later be converted into money. Here are some tricks through which you can earn points:
Posting and sharing content.
Sending friend requests to others.
Accepting friend requests from others.
Commenting on activities.
Receiving comments on your posts.
Registering new users through the referral program.
Once you reach 2000 points, you will achieve a milestone, which can be converted into money.
Quickly visit the site and start earning points: https://swrice.com/news-feed/
Thanks!
[2023-12-11 04:14:52] EMAIL SENT | ADDRESS: pak*st*nw*qa*1@*ma*l.*om | SUBJECT: Swrice | Earning Method | VIA: user | CONTENT: 
We would like to inform you that you can earn points by engaging in various activities, which can later be converted into money. Here are some tricks through which you can earn points:
Posting and sharing content.
Sending friend requests to others.
Accepting friend requests from others.
Commenting on activities.
Receiving comments on your posts.
Registering new users through the referral program.
Once you reach 2000 points, you will achieve a milestone, which can be converted into money.
Quickly visit the site and start earning points: https://swrice.com/news-feed/
Thanks!
[2023-12-11 04:14:53] EMAIL SENT | ADDRESS: zar*mu*ht*q1*6@*ma*l.*om | SUBJECT: Swrice | Earning Method | VIA: user | CONTENT: 
We would like to inform you that you can earn points by engaging in various activities, which can later be converted into money. Here are some tricks through which you can earn points:
Posting and sharing content.
Sending friend requests to others.
Accepting friend requests from others.
Commenting on activities.
Receiving comments on your posts.
Registering new users through the referral program.
Once you reach 2000 points, you will achieve a milestone, which can be converted into money.
Quickly visit the site and start earning points: https://swrice.com/news-feed/
Thanks!
[2023-12-11 04:32:56] EMAIL SENT | ADDRESS: fai*an*q9*@g*ai*.c*m | SUBJECT: Swrice | Earning Method | VIA: user | CONTENT: 
We would like to inform you that you can earn points by engaging in various activities, which can later be converted into money. Here are some tricks through which you can earn points:
Posting and sharing content.
Sending friend requests to others.
Accepting friend requests from others.
Commenting on activities.
Receiving comments on your posts.
Registering new users through the referral program.
Once you reach 2000 points, you will achieve a milestone, which can be converted into money.
Quickly visit the site and start earning points: https://swrice.com/news-feed/
Thanks!
